{"C:\\Mes dossiers\\DC1 GIT\\Classe\\Projets_Transversaux\\O2A-backend\\Final\\AllergyFrontend\\backend_bonneversion\\app.js": {"path":"C:\\Mes dossiers\\DC1 GIT\\Classe\\Projets_Transversaux\\O2A-backend\\Final\\AllergyFrontend\\backend_bonneversion\\app.js","statementMap":{"0":{"start":{"line":1,"column":16},"end":{"line":1,"column":34}},"1":{"start":{"line":2,"column":19},"end":{"line":2,"column":50}},"2":{"start":{"line":3,"column":19},"end":{"line":3,"column":50}},"3":{"start":{"line":4,"column":22},"end":{"line":4,"column":56}},"4":{"start":{"line":5,"column":25},"end":{"line":5,"column":62}},"5":{"start":{"line":6,"column":20},"end":{"line":6,"column":52}},"6":{"start":{"line":7,"column":21},"end":{"line":7,"column":45}},"7":{"start":{"line":8,"column":23},"end":{"line":8,"column":51}},"8":{"start":{"line":9,"column":13},"end":{"line":9,"column":28}},"9":{"start":{"line":10,"column":0},"end":{"line":10,"column":49}},"10":{"start":{"line":11,"column":0},"end":{"line":11,"column":23}},"11":{"start":{"line":12,"column":35},"end":{"line":12,"column":74}},"12":{"start":{"line":14,"column":12},"end":{"line":14,"column":21}},"13":{"start":{"line":15,"column":0},"end":{"line":15,"column":24}},"14":{"start":{"line":16,"column":0},"end":{"line":16,"column":48}},"15":{"start":{"line":17,"column":0},"end":{"line":17,"column":16}},"16":{"start":{"line":18,"column":0},"end":{"line":18,"column":24}},"17":{"start":{"line":20,"column":20},"end":{"line":27,"column":1}},"18":{"start":{"line":28,"column":0},"end":{"line":28,"column":27}},"19":{"start":{"line":30,"column":0},"end":{"line":30,"column":25}},"20":{"start":{"line":34,"column":0},"end":{"line":34,"column":24}},"21":{"start":{"line":35,"column":0},"end":{"line":37,"column":3}},"22":{"start":{"line":36,"column":2},"end":{"line":36,"column":44}},"23":{"start":{"line":40,"column":0},"end":{"line":40,"column":33}},"24":{"start":{"line":41,"column":0},"end":{"line":41,"column":33}},"25":{"start":{"line":42,"column":0},"end":{"line":42,"column":39}},"26":{"start":{"line":43,"column":0},"end":{"line":43,"column":50}},"27":{"start":{"line":44,"column":0},"end":{"line":44,"column":40}},"28":{"start":{"line":47,"column":15},"end":{"line":49,"column":2}},"29":{"start":{"line":48,"column":2},"end":{"line":48,"column":55}},"30":{"start":{"line":52,"column":0},"end":{"line":52,"column":26}}},"fnMap":{"0":{"name":"(anonymous_0)","decl":{"start":{"line":35,"column":32},"end":{"line":35,"column":33}},"loc":{"start":{"line":35,"column":46},"end":{"line":37,"column":1}},"line":35},"1":{"name":"(anonymous_1)","decl":{"start":{"line":47,"column":52},"end":{"line":47,"column":53}},"loc":{"start":{"line":47,"column":57},"end":{"line":49,"column":1}},"line":47}},"branchMap":{"0":{"loc":{"start":{"line":47,"column":26},"end":{"line":47,"column":50}},"type":"binary-expr","locations":[{"start":{"line":47,"column":26},"end":{"line":47,"column":42}},{"start":{"line":47,"column":46},"end":{"line":47,"column":50}}],"line":47}},"s":{"0":5,"1":5,"2":5,"3":5,"4":5,"5":5,"6":5,"7":5,"8":5,"9":5,"10":5,"11":5,"12":5,"13":5,"14":5,"15":5,"16":5,"17":5,"18":5,"19":5,"20":5,"21":5,"22":0,"23":5,"24":5,"25":5,"26":5,"27":5,"28":5,"29":2,"30":5},"f":{"0":0,"1":2},"b":{"0":[5,0]},"_coverageSchema":"1a1c01bbd47fc00a2c39e90264f33305004495a9","hash":"443647dc214a57e8922828513d558a100f88c795"}
,"C:\\Mes dossiers\\DC1 GIT\\Classe\\Projets_Transversaux\\O2A-backend\\Final\\AllergyFrontend\\backend_bonneversion\\config\\database.js": {"path":"C:\\Mes dossiers\\DC1 GIT\\Classe\\Projets_Transversaux\\O2A-backend\\Final\\AllergyFrontend\\backend_bonneversion\\config\\database.js","statementMap":{"0":{"start":{"line":1,"column":17},"end":{"line":1,"column":36}},"1":{"start":{"line":3,"column":16},"end":{"line":13,"column":1}},"2":{"start":{"line":4,"column":2},"end":{"line":12,"column":3}},"3":{"start":{"line":5,"column":4},"end":{"line":11,"column":6}},"4":{"start":{"line":15,"column":17},"end":{"line":25,"column":1}},"5":{"start":{"line":16,"column":2},"end":{"line":24,"column":3}},"6":{"start":{"line":17,"column":28},"end":{"line":17,"column":47}},"7":{"start":{"line":19,"column":21},"end":{"line":21,"column":5}},"8":{"start":{"line":20,"column":6},"end":{"line":20,"column":63}},"9":{"start":{"line":23,"column":4},"end":{"line":23,"column":32}},"10":{"start":{"line":27,"column":19},"end":{"line":31,"column":1}},"11":{"start":{"line":28,"column":2},"end":{"line":30,"column":3}},"12":{"start":{"line":29,"column":4},"end":{"line":29,"column":32}},"13":{"start":{"line":33,"column":0},"end":{"line":37,"column":2}}},"fnMap":{"0":{"name":"(anonymous_0)","decl":{"start":{"line":3,"column":16},"end":{"line":3,"column":17}},"loc":{"start":{"line":3,"column":28},"end":{"line":13,"column":1}},"line":3},"1":{"name":"(anonymous_1)","decl":{"start":{"line":15,"column":17},"end":{"line":15,"column":18}},"loc":{"start":{"line":15,"column":29},"end":{"line":25,"column":1}},"line":15},"2":{"name":"(anonymous_2)","decl":{"start":{"line":19,"column":50},"end":{"line":19,"column":51}},"loc":{"start":{"line":20,"column":6},"end":{"line":20,"column":63}},"line":20},"3":{"name":"(anonymous_3)","decl":{"start":{"line":27,"column":19},"end":{"line":27,"column":20}},"loc":{"start":{"line":27,"column":31},"end":{"line":31,"column":1}},"line":27}},"branchMap":{"0":{"loc":{"start":{"line":4,"column":2},"end":{"line":12,"column":3}},"type":"if","locations":[{"start":{"line":4,"column":2},"end":{"line":12,"column":3}},{"start":{},"end":{}}],"line":4},"1":{"loc":{"start":{"line":6,"column":6},"end":{"line":6,"column":78}},"type":"cond-expr","locations":[{"start":{"line":6,"column":40},"end":{"line":6,"column":57}},{"start":{"line":6,"column":60},"end":{"line":6,"column":78}}],"line":6},"2":{"loc":{"start":{"line":16,"column":2},"end":{"line":24,"column":3}},"type":"if","locations":[{"start":{"line":16,"column":2},"end":{"line":24,"column":3}},{"start":{},"end":{}}],"line":16},"3":{"loc":{"start":{"line":28,"column":2},"end":{"line":30,"column":3}},"type":"if","locations":[{"start":{"line":28,"column":2},"end":{"line":30,"column":3}},{"start":{},"end":{}}],"line":28}},"s":{"0":5,"1":5,"2":10,"3":0,"4":5,"5":42,"6":42,"7":42,"8":252,"9":42,"10":5,"11":5,"12":5,"13":5},"f":{"0":10,"1":42,"2":252,"3":5},"b":{"0":[0,10],"1":[0,0],"2":[42,0],"3":[5,0]},"_coverageSchema":"1a1c01bbd47fc00a2c39e90264f33305004495a9","hash":"c3b24c469418ecdba6a235f26ce5137c0848d652"}
,"C:\\Mes dossiers\\DC1 GIT\\Classe\\Projets_Transversaux\\O2A-backend\\Final\\AllergyFrontend\\backend_bonneversion\\config\\db.js": {"path":"C:\\Mes dossiers\\DC1 GIT\\Classe\\Projets_Transversaux\\O2A-backend\\Final\\AllergyFrontend\\backend_bonneversion\\config\\db.js","statementMap":{"0":{"start":{"line":1,"column":17},"end":{"line":1,"column":36}},"1":{"start":{"line":4,"column":0},"end":{"line":16,"column":64}},"2":{"start":{"line":15,"column":10},"end":{"line":15,"column":47}},"3":{"start":{"line":16,"column":14},"end":{"line":16,"column":62}}},"fnMap":{"0":{"name":"(anonymous_0)","decl":{"start":{"line":15,"column":6},"end":{"line":15,"column":7}},"loc":{"start":{"line":15,"column":10},"end":{"line":15,"column":47}},"line":15},"1":{"name":"(anonymous_1)","decl":{"start":{"line":16,"column":7},"end":{"line":16,"column":8}},"loc":{"start":{"line":16,"column":14},"end":{"line":16,"column":62}},"line":16}},"branchMap":{},"s":{"0":5,"1":5,"2":5,"3":0},"f":{"0":5,"1":0},"b":{},"_coverageSchema":"1a1c01bbd47fc00a2c39e90264f33305004495a9","hash":"fa5bad28aff2c68b7288818fe0327af208d73b85"}
,"C:\\Mes dossiers\\DC1 GIT\\Classe\\Projets_Transversaux\\O2A-backend\\Final\\AllergyFrontend\\backend_bonneversion\\controllers\\admin.controller.js": {"path":"C:\\Mes dossiers\\DC1 GIT\\Classe\\Projets_Transversaux\\O2A-backend\\Final\\AllergyFrontend\\backend_bonneversion\\controllers\\admin.controller.js","statementMap":{"0":{"start":{"line":1,"column":17},"end":{"line":1,"column":51}},"1":{"start":{"line":2,"column":18},"end":{"line":2,"column":49}},"2":{"start":{"line":3,"column":18},"end":{"line":3,"column":50}},"3":{"start":{"line":4,"column":18},"end":{"line":4,"column":49}},"4":{"start":{"line":5,"column":24},"end":{"line":5,"column":61}},"5":{"start":{"line":8,"column":0},"end":{"line":41,"column":3}},"6":{"start":{"line":9,"column":58},"end":{"line":9,"column":66}},"7":{"start":{"line":10,"column":20},"end":{"line":10,"column":57}},"8":{"start":{"line":11,"column":2},"end":{"line":13,"column":3}},"9":{"start":{"line":12,"column":4},"end":{"line":12,"column":84}},"10":{"start":{"line":13,"column":4},"end":{"line":40,"column":3}},"11":{"start":{"line":14,"column":25},"end":{"line":20,"column":8}},"12":{"start":{"line":21,"column":7},"end":{"line":32,"column":10}},"13":{"start":{"line":30,"column":10},"end":{"line":30,"column":65}},"14":{"start":{"line":30,"column":19},"end":{"line":30,"column":65}},"15":{"start":{"line":33,"column":6},"end":{"line":35,"column":62}},"16":{"start":{"line":34,"column":21},"end":{"line":34,"column":72}},"17":{"start":{"line":35,"column":20},"end":{"line":35,"column":60}},"18":{"start":{"line":39,"column":6},"end":{"line":39,"column":34}},"19":{"start":{"line":43,"column":0},"end":{"line":49,"column":2}},"20":{"start":{"line":44,"column":4},"end":{"line":47,"column":9}},"21":{"start":{"line":45,"column":8},"end":{"line":46,"column":72}},"22":{"start":{"line":45,"column":18},"end":{"line":45,"column":52}},"23":{"start":{"line":46,"column":13},"end":{"line":46,"column":72}},"24":{"start":{"line":51,"column":0},"end":{"line":56,"column":2}},"25":{"start":{"line":52,"column":2},"end":{"line":55,"column":5}},"26":{"start":{"line":53,"column":4},"end":{"line":54,"column":68}},"27":{"start":{"line":53,"column":14},"end":{"line":53,"column":41}},"28":{"start":{"line":54,"column":9},"end":{"line":54,"column":68}},"29":{"start":{"line":58,"column":0},"end":{"line":63,"column":2}},"30":{"start":{"line":59,"column":2},"end":{"line":62,"column":25}},"31":{"start":{"line":60,"column":4},"end":{"line":61,"column":68}},"32":{"start":{"line":60,"column":14},"end":{"line":60,"column":48}},"33":{"start":{"line":61,"column":9},"end":{"line":61,"column":68}},"34":{"start":{"line":65,"column":0},"end":{"line":71,"column":2}},"35":{"start":{"line":66,"column":2},"end":{"line":69,"column":5}},"36":{"start":{"line":67,"column":4},"end":{"line":68,"column":68}},"37":{"start":{"line":67,"column":14},"end":{"line":67,"column":48}},"38":{"start":{"line":68,"column":9},"end":{"line":68,"column":68}},"39":{"start":{"line":70,"column":2},"end":{"line":70,"column":9}},"40":{"start":{"line":73,"column":0},"end":{"line":78,"column":2}},"41":{"start":{"line":74,"column":2},"end":{"line":77,"column":5}},"42":{"start":{"line":75,"column":4},"end":{"line":76,"column":68}},"43":{"start":{"line":75,"column":14},"end":{"line":75,"column":48}},"44":{"start":{"line":76,"column":9},"end":{"line":76,"column":68}},"45":{"start":{"line":80,"column":0},"end":{"line":85,"column":2}},"46":{"start":{"line":81,"column":2},"end":{"line":84,"column":5}},"47":{"start":{"line":82,"column":4},"end":{"line":83,"column":68}},"48":{"start":{"line":82,"column":14},"end":{"line":82,"column":48}},"49":{"start":{"line":83,"column":9},"end":{"line":83,"column":68}},"50":{"start":{"line":87,"column":0},"end":{"line":92,"column":2}},"51":{"start":{"line":88,"column":2},"end":{"line":91,"column":5}},"52":{"start":{"line":89,"column":4},"end":{"line":90,"column":68}},"53":{"start":{"line":89,"column":14},"end":{"line":89,"column":48}},"54":{"start":{"line":90,"column":9},"end":{"line":90,"column":68}}},"fnMap":{"0":{"name":"(anonymous_0)","decl":{"start":{"line":8,"column":34},"end":{"line":8,"column":35}},"loc":{"start":{"line":8,"column":54},"end":{"line":41,"column":1}},"line":8},"1":{"name":"(anonymous_1)","decl":{"start":{"line":29,"column":8},"end":{"line":29,"column":9}},"loc":{"start":{"line":29,"column":23},"end":{"line":31,"column":9}},"line":29},"2":{"name":"(anonymous_2)","decl":{"start":{"line":34,"column":12},"end":{"line":34,"column":13}},"loc":{"start":{"line":34,"column":18},"end":{"line":34,"column":73}},"line":34},"3":{"name":"(anonymous_3)","decl":{"start":{"line":35,"column":13},"end":{"line":35,"column":14}},"loc":{"start":{"line":35,"column":20},"end":{"line":35,"column":60}},"line":35},"4":{"name":"(anonymous_4)","decl":{"start":{"line":43,"column":34},"end":{"line":43,"column":35}},"loc":{"start":{"line":43,"column":48},"end":{"line":49,"column":1}},"line":43},"5":{"name":"(anonymous_5)","decl":{"start":{"line":44,"column":42},"end":{"line":44,"column":43}},"loc":{"start":{"line":44,"column":57},"end":{"line":47,"column":7}},"line":44},"6":{"name":"(anonymous_6)","decl":{"start":{"line":51,"column":36},"end":{"line":51,"column":37}},"loc":{"start":{"line":51,"column":56},"end":{"line":56,"column":1}},"line":51},"7":{"name":"(anonymous_7)","decl":{"start":{"line":52,"column":35},"end":{"line":52,"column":36}},"loc":{"start":{"line":52,"column":50},"end":{"line":55,"column":3}},"line":52},"8":{"name":"(anonymous_8)","decl":{"start":{"line":58,"column":32},"end":{"line":58,"column":33}},"loc":{"start":{"line":58,"column":52},"end":{"line":63,"column":1}},"line":58},"9":{"name":"(anonymous_9)","decl":{"start":{"line":59,"column":17},"end":{"line":59,"column":18}},"loc":{"start":{"line":59,"column":32},"end":{"line":62,"column":3}},"line":59},"10":{"name":"(anonymous_10)","decl":{"start":{"line":65,"column":38},"end":{"line":65,"column":39}},"loc":{"start":{"line":65,"column":58},"end":{"line":71,"column":1}},"line":65},"11":{"name":"(anonymous_11)","decl":{"start":{"line":66,"column":36},"end":{"line":66,"column":37}},"loc":{"start":{"line":66,"column":51},"end":{"line":69,"column":3}},"line":66},"12":{"name":"(anonymous_12)","decl":{"start":{"line":73,"column":29},"end":{"line":73,"column":30}},"loc":{"start":{"line":73,"column":49},"end":{"line":78,"column":1}},"line":73},"13":{"name":"(anonymous_13)","decl":{"start":{"line":74,"column":36},"end":{"line":74,"column":37}},"loc":{"start":{"line":74,"column":51},"end":{"line":77,"column":3}},"line":74},"14":{"name":"(anonymous_14)","decl":{"start":{"line":80,"column":37},"end":{"line":80,"column":38}},"loc":{"start":{"line":80,"column":57},"end":{"line":85,"column":1}},"line":80},"15":{"name":"(anonymous_15)","decl":{"start":{"line":81,"column":57},"end":{"line":81,"column":58}},"loc":{"start":{"line":81,"column":72},"end":{"line":84,"column":3}},"line":81},"16":{"name":"(anonymous_16)","decl":{"start":{"line":87,"column":39},"end":{"line":87,"column":40}},"loc":{"start":{"line":87,"column":59},"end":{"line":92,"column":1}},"line":87},"17":{"name":"(anonymous_17)","decl":{"start":{"line":88,"column":57},"end":{"line":88,"column":58}},"loc":{"start":{"line":88,"column":72},"end":{"line":91,"column":3}},"line":88}},"branchMap":{"0":{"loc":{"start":{"line":11,"column":2},"end":{"line":13,"column":3}},"type":"if","locations":[{"start":{"line":11,"column":2},"end":{"line":13,"column":3}},{"start":{},"end":{}}],"line":11},"1":{"loc":{"start":{"line":30,"column":10},"end":{"line":30,"column":65}},"type":"if","locations":[{"start":{"line":30,"column":10},"end":{"line":30,"column":65}},{"start":{},"end":{}}],"line":30},"2":{"loc":{"start":{"line":45,"column":8},"end":{"line":46,"column":72}},"type":"if","locations":[{"start":{"line":45,"column":8},"end":{"line":46,"column":72}},{"start":{"line":46,"column":13},"end":{"line":46,"column":72}}],"line":45},"3":{"loc":{"start":{"line":53,"column":4},"end":{"line":54,"column":68}},"type":"if","locations":[{"start":{"line":53,"column":4},"end":{"line":54,"column":68}},{"start":{"line":54,"column":9},"end":{"line":54,"column":68}}],"line":53},"4":{"loc":{"start":{"line":60,"column":4},"end":{"line":61,"column":68}},"type":"if","locations":[{"start":{"line":60,"column":4},"end":{"line":61,"column":68}},{"start":{"line":61,"column":9},"end":{"line":61,"column":68}}],"line":60},"5":{"loc":{"start":{"line":67,"column":4},"end":{"line":68,"column":68}},"type":"if","locations":[{"start":{"line":67,"column":4},"end":{"line":68,"column":68}},{"start":{"line":68,"column":9},"end":{"line":68,"column":68}}],"line":67},"6":{"loc":{"start":{"line":75,"column":4},"end":{"line":76,"column":68}},"type":"if","locations":[{"start":{"line":75,"column":4},"end":{"line":76,"column":68}},{"start":{"line":76,"column":9},"end":{"line":76,"column":68}}],"line":75},"7":{"loc":{"start":{"line":82,"column":4},"end":{"line":83,"column":68}},"type":"if","locations":[{"start":{"line":82,"column":4},"end":{"line":83,"column":68}},{"start":{"line":83,"column":9},"end":{"line":83,"column":68}}],"line":82},"8":{"loc":{"start":{"line":89,"column":4},"end":{"line":90,"column":68}},"type":"if","locations":[{"start":{"line":89,"column":4},"end":{"line":90,"column":68}},{"start":{"line":90,"column":9},"end":{"line":90,"column":68}}],"line":89}},"s":{"0":5,"1":5,"2":5,"3":5,"4":5,"5":5,"6":0,"7":0,"8":0,"9":0,"10":0,"11":0,"12":0,"13":0,"14":0,"15":0,"16":0,"17":0,"18":0,"19":5,"20":1,"21":1,"22":1,"23":0,"24":5,"25":1,"26":1,"27":1,"28":0,"29":5,"30":1,"31":1,"32":1,"33":0,"34":5,"35":1,"36":1,"37":1,"38":0,"39":1,"40":5,"41":1,"42":1,"43":1,"44":0,"45":5,"46":1,"47":1,"48":1,"49":0,"50":5,"51":1,"52":1,"53":1,"54":0},"f":{"0":0,"1":0,"2":0,"3":0,"4":1,"5":1,"6":1,"7":1,"8":1,"9":1,"10":1,"11":1,"12":1,"13":1,"14":1,"15":1,"16":1,"17":1},"b":{"0":[0,0],"1":[0,0],"2":[1,0],"3":[1,0],"4":[1,0],"5":[1,0],"6":[1,0],"7":[1,0],"8":[1,0]},"_coverageSchema":"1a1c01bbd47fc00a2c39e90264f33305004495a9","hash":"9eb96e228e030c4cc5d3f61e57d21c07d16cd8c2"}
,"C:\\Mes dossiers\\DC1 GIT\\Classe\\Projets_Transversaux\\O2A-backend\\Final\\AllergyFrontend\\backend_bonneversion\\controllers\\auth.controller.js": {"path":"C:\\Mes dossiers\\DC1 GIT\\Classe\\Projets_Transversaux\\O2A-backend\\Final\\AllergyFrontend\\backend_bonneversion\\controllers\\auth.controller.js","statementMap":{"0":{"start":{"line":1,"column":18},"end":{"line":1,"column":49}},"1":{"start":{"line":2,"column":15},"end":{"line":2,"column":32}},"2":{"start":{"line":3,"column":12},"end":{"line":3,"column":35}},"3":{"start":{"line":4,"column":39},"end":{"line":4,"column":71}},"4":{"start":{"line":7,"column":15},"end":{"line":7,"column":38}},"5":{"start":{"line":8,"column":20},"end":{"line":12,"column":1}},"6":{"start":{"line":9,"column":4},"end":{"line":11,"column":7}},"7":{"start":{"line":14,"column":0},"end":{"line":38,"column":3}},"8":{"start":{"line":15,"column":4},"end":{"line":37,"column":9}},"9":{"start":{"line":16,"column":11},"end":{"line":34,"column":19}},"10":{"start":{"line":19,"column":37},"end":{"line":26,"column":26}},"11":{"start":{"line":27,"column":24},"end":{"line":29,"column":71}},"12":{"start":{"line":28,"column":35},"end":{"line":28,"column":70}},"13":{"start":{"line":29,"column":42},"end":{"line":29,"column":69}},"14":{"start":{"line":32,"column":35},"end":{"line":32,"column":52}},"15":{"start":{"line":33,"column":20},"end":{"line":33,"column":49}},"16":{"start":{"line":36,"column":12},"end":{"line":36,"column":38}},"17":{"start":{"line":39,"column":0},"end":{"line":59,"column":1}},"18":{"start":{"line":40,"column":30},"end":{"line":40,"column":38}},"19":{"start":{"line":42,"column":4},"end":{"line":58,"column":5}},"20":{"start":{"line":43,"column":21},"end":{"line":43,"column":55}},"21":{"start":{"line":44,"column":8},"end":{"line":53,"column":9}},"22":{"start":{"line":45,"column":25},"end":{"line":45,"column":70}},"23":{"start":{"line":46,"column":12},"end":{"line":50,"column":13}},"24":{"start":{"line":47,"column":30},"end":{"line":47,"column":51}},"25":{"start":{"line":48,"column":16},"end":{"line":48,"column":67}},"26":{"start":{"line":49,"column":16},"end":{"line":49,"column":62}},"27":{"start":{"line":51,"column":12},"end":{"line":51,"column":46}},"28":{"start":{"line":54,"column":8},"end":{"line":54,"column":38}},"29":{"start":{"line":56,"column":23},"end":{"line":56,"column":40}},"30":{"start":{"line":57,"column":8},"end":{"line":57,"column":37}},"31":{"start":{"line":61,"column":0},"end":{"line":64,"column":1}},"32":{"start":{"line":62,"column":4},"end":{"line":62,"column":38}},"33":{"start":{"line":63,"column":4},"end":{"line":63,"column":22}}},"fnMap":{"0":{"name":"(anonymous_0)","decl":{"start":{"line":8,"column":20},"end":{"line":8,"column":21}},"loc":{"start":{"line":8,"column":28},"end":{"line":12,"column":1}},"line":8},"1":{"name":"(anonymous_1)","decl":{"start":{"line":14,"column":25},"end":{"line":14,"column":26}},"loc":{"start":{"line":14,"column":39},"end":{"line":38,"column":1}},"line":14},"2":{"name":"(anonymous_2)","decl":{"start":{"line":18,"column":20},"end":{"line":18,"column":21}},"loc":{"start":{"line":18,"column":28},"end":{"line":30,"column":22}},"line":18},"3":{"name":"(anonymous_3)","decl":{"start":{"line":28,"column":30},"end":{"line":28,"column":31}},"loc":{"start":{"line":28,"column":35},"end":{"line":28,"column":70}},"line":28},"4":{"name":"(anonymous_4)","decl":{"start":{"line":29,"column":31},"end":{"line":29,"column":32}},"loc":{"start":{"line":29,"column":42},"end":{"line":29,"column":69}},"line":29},"5":{"name":"(anonymous_5)","decl":{"start":{"line":31,"column":25},"end":{"line":31,"column":26}},"loc":{"start":{"line":31,"column":34},"end":{"line":34,"column":17}},"line":31},"6":{"name":"(anonymous_6)","decl":{"start":{"line":39,"column":23},"end":{"line":39,"column":24}},"loc":{"start":{"line":39,"column":44},"end":{"line":59,"column":1}},"line":39},"7":{"name":"(anonymous_7)","decl":{"start":{"line":61,"column":24},"end":{"line":61,"column":25}},"loc":{"start":{"line":61,"column":38},"end":{"line":64,"column":1}},"line":61}},"branchMap":{"0":{"loc":{"start":{"line":44,"column":8},"end":{"line":53,"column":9}},"type":"if","locations":[{"start":{"line":44,"column":8},"end":{"line":53,"column":9}},{"start":{},"end":{}}],"line":44},"1":{"loc":{"start":{"line":46,"column":12},"end":{"line":50,"column":13}},"type":"if","locations":[{"start":{"line":46,"column":12},"end":{"line":50,"column":13}},{"start":{},"end":{}}],"line":46}},"s":{"0":5,"1":5,"2":5,"3":5,"4":5,"5":5,"6":0,"7":5,"8":1,"9":1,"10":1,"11":1,"12":1,"13":0,"14":0,"15":0,"16":0,"17":5,"18":1,"19":1,"20":1,"21":1,"22":1,"23":0,"24":0,"25":0,"26":0,"27":0,"28":0,"29":1,"30":1,"31":5,"32":0,"33":0},"f":{"0":0,"1":1,"2":1,"3":1,"4":0,"5":0,"6":1,"7":0},"b":{"0":[1,0],"1":[0,0]},"_coverageSchema":"1a1c01bbd47fc00a2c39e90264f33305004495a9","hash":"cd6c862730b1c0ce1009dca165d325814513cefd"}
,"C:\\Mes dossiers\\DC1 GIT\\Classe\\Projets_Transversaux\\O2A-backend\\Final\\AllergyFrontend\\backend_bonneversion\\controllers\\comment.controller.js": {"path":"C:\\Mes dossiers\\DC1 GIT\\Classe\\Projets_Transversaux\\O2A-backend\\Final\\AllergyFrontend\\backend_bonneversion\\controllers\\comment.controller.js","statementMap":{"0":{"start":{"line":1,"column":18},"end":{"line":1,"column":49}},"1":{"start":{"line":2,"column":21},"end":{"line":2,"column":55}},"2":{"start":{"line":3,"column":17},"end":{"line":3,"column":51}},"3":{"start":{"line":7,"column":0},"end":{"line":25,"column":2}},"4":{"start":{"line":8,"column":4},"end":{"line":10,"column":7}},"5":{"start":{"line":9,"column":8},"end":{"line":9,"column":69}},"6":{"start":{"line":12,"column":23},"end":{"line":18,"column":8}},"7":{"start":{"line":19,"column":6},"end":{"line":24,"column":7}},"8":{"start":{"line":20,"column":8},"end":{"line":20,"column":25}},"9":{"start":{"line":21,"column":8},"end":{"line":21,"column":60}},"10":{"start":{"line":23,"column":8},"end":{"line":23,"column":41}},"11":{"start":{"line":27,"column":0},"end":{"line":44,"column":2}},"12":{"start":{"line":28,"column":2},"end":{"line":30,"column":3}},"13":{"start":{"line":29,"column":6},"end":{"line":29,"column":67}},"14":{"start":{"line":31,"column":2},"end":{"line":43,"column":4}},"15":{"start":{"line":40,"column":6},"end":{"line":40,"column":50}},"16":{"start":{"line":40,"column":16},"end":{"line":40,"column":50}},"17":{"start":{"line":41,"column":6},"end":{"line":41,"column":56}},"18":{"start":{"line":47,"column":2},"end":{"line":57,"column":4}},"19":{"start":{"line":48,"column":4},"end":{"line":50,"column":3}},"20":{"start":{"line":49,"column":6},"end":{"line":49,"column":67}},"21":{"start":{"line":52,"column":4},"end":{"line":55,"column":33}},"22":{"start":{"line":53,"column":8},"end":{"line":54,"column":68}},"23":{"start":{"line":53,"column":18},"end":{"line":53,"column":52}},"24":{"start":{"line":54,"column":13},"end":{"line":54,"column":68}},"25":{"start":{"line":59,"column":2},"end":{"line":67,"column":4}},"26":{"start":{"line":60,"column":4},"end":{"line":62,"column":4}},"27":{"start":{"line":61,"column":6},"end":{"line":61,"column":67}},"28":{"start":{"line":63,"column":4},"end":{"line":66,"column":7}},"29":{"start":{"line":64,"column":6},"end":{"line":65,"column":57}},"30":{"start":{"line":64,"column":16},"end":{"line":64,"column":81}},"31":{"start":{"line":65,"column":11},"end":{"line":65,"column":57}},"32":{"start":{"line":70,"column":0},"end":{"line":101,"column":4}},"33":{"start":{"line":71,"column":4},"end":{"line":73,"column":5}},"34":{"start":{"line":72,"column":6},"end":{"line":72,"column":67}},"35":{"start":{"line":75,"column":4},"end":{"line":100,"column":5}},"36":{"start":{"line":76,"column":6},"end":{"line":85,"column":8}},"37":{"start":{"line":83,"column":10},"end":{"line":83,"column":52}},"38":{"start":{"line":83,"column":19},"end":{"line":83,"column":52}},"39":{"start":{"line":87,"column":7},"end":{"line":97,"column":8}},"40":{"start":{"line":94,"column":10},"end":{"line":95,"column":48}},"41":{"start":{"line":94,"column":20},"end":{"line":94,"column":54}},"42":{"start":{"line":95,"column":15},"end":{"line":95,"column":48}},"43":{"start":{"line":99,"column":6},"end":{"line":99,"column":39}},"44":{"start":{"line":103,"column":2},"end":{"line":133,"column":4}},"45":{"start":{"line":104,"column":4},"end":{"line":106,"column":5}},"46":{"start":{"line":105,"column":6},"end":{"line":105,"column":67}},"47":{"start":{"line":108,"column":4},"end":{"line":132,"column":5}},"48":{"start":{"line":109,"column":6},"end":{"line":118,"column":8}},"49":{"start":{"line":116,"column":10},"end":{"line":116,"column":52}},"50":{"start":{"line":116,"column":19},"end":{"line":116,"column":52}},"51":{"start":{"line":119,"column":7},"end":{"line":129,"column":8}},"52":{"start":{"line":126,"column":10},"end":{"line":127,"column":48}},"53":{"start":{"line":126,"column":20},"end":{"line":126,"column":47}},"54":{"start":{"line":127,"column":15},"end":{"line":127,"column":48}},"55":{"start":{"line":131,"column":6},"end":{"line":131,"column":39}},"56":{"start":{"line":135,"column":2},"end":{"line":165,"column":4}},"57":{"start":{"line":136,"column":4},"end":{"line":138,"column":5}},"58":{"start":{"line":137,"column":6},"end":{"line":137,"column":67}},"59":{"start":{"line":140,"column":4},"end":{"line":164,"column":5}},"60":{"start":{"line":141,"column":7},"end":{"line":150,"column":8}},"61":{"start":{"line":148,"column":10},"end":{"line":148,"column":52}},"62":{"start":{"line":148,"column":19},"end":{"line":148,"column":52}},"63":{"start":{"line":151,"column":7},"end":{"line":161,"column":8}},"64":{"start":{"line":158,"column":10},"end":{"line":159,"column":48}},"65":{"start":{"line":158,"column":20},"end":{"line":158,"column":54}},"66":{"start":{"line":159,"column":15},"end":{"line":159,"column":48}},"67":{"start":{"line":163,"column":6},"end":{"line":163,"column":39}},"68":{"start":{"line":167,"column":2},"end":{"line":198,"column":2}},"69":{"start":{"line":168,"column":4},"end":{"line":170,"column":5}},"70":{"start":{"line":169,"column":6},"end":{"line":169,"column":67}},"71":{"start":{"line":172,"column":4},"end":{"line":197,"column":5}},"72":{"start":{"line":173,"column":6},"end":{"line":182,"column":8}},"73":{"start":{"line":180,"column":10},"end":{"line":180,"column":52}},"74":{"start":{"line":180,"column":19},"end":{"line":180,"column":52}},"75":{"start":{"line":184,"column":6},"end":{"line":194,"column":8}},"76":{"start":{"line":191,"column":10},"end":{"line":192,"column":48}},"77":{"start":{"line":191,"column":20},"end":{"line":191,"column":54}},"78":{"start":{"line":192,"column":15},"end":{"line":192,"column":48}},"79":{"start":{"line":196,"column":6},"end":{"line":196,"column":39}}},"fnMap":{"0":{"name":"(anonymous_0)","decl":{"start":{"line":7,"column":25},"end":{"line":7,"column":26}},"loc":{"start":{"line":7,"column":39},"end":{"line":25,"column":1}},"line":7},"1":{"name":"(anonymous_1)","decl":{"start":{"line":27,"column":29},"end":{"line":27,"column":30}},"loc":{"start":{"line":27,"column":43},"end":{"line":44,"column":1}},"line":27},"2":{"name":"(anonymous_2)","decl":{"start":{"line":39,"column":4},"end":{"line":39,"column":5}},"loc":{"start":{"line":39,"column":19},"end":{"line":42,"column":5}},"line":39},"3":{"name":"(anonymous_3)","decl":{"start":{"line":47,"column":35},"end":{"line":47,"column":36}},"loc":{"start":{"line":47,"column":49},"end":{"line":57,"column":3}},"line":47},"4":{"name":"(anonymous_4)","decl":{"start":{"line":52,"column":46},"end":{"line":52,"column":47}},"loc":{"start":{"line":52,"column":61},"end":{"line":55,"column":7}},"line":52},"5":{"name":"(anonymous_5)","decl":{"start":{"line":59,"column":33},"end":{"line":59,"column":34}},"loc":{"start":{"line":59,"column":47},"end":{"line":67,"column":3}},"line":59},"6":{"name":"(anonymous_6)","decl":{"start":{"line":63,"column":50},"end":{"line":63,"column":51}},"loc":{"start":{"line":63,"column":65},"end":{"line":66,"column":5}},"line":63},"7":{"name":"(anonymous_7)","decl":{"start":{"line":70,"column":29},"end":{"line":70,"column":30}},"loc":{"start":{"line":70,"column":43},"end":{"line":101,"column":3}},"line":70},"8":{"name":"(anonymous_8)","decl":{"start":{"line":82,"column":8},"end":{"line":82,"column":9}},"loc":{"start":{"line":82,"column":23},"end":{"line":84,"column":9}},"line":82},"9":{"name":"(anonymous_9)","decl":{"start":{"line":93,"column":8},"end":{"line":93,"column":9}},"loc":{"start":{"line":93,"column":23},"end":{"line":96,"column":9}},"line":93},"10":{"name":"(anonymous_10)","decl":{"start":{"line":103,"column":34},"end":{"line":103,"column":35}},"loc":{"start":{"line":103,"column":48},"end":{"line":133,"column":3}},"line":103},"11":{"name":"(anonymous_11)","decl":{"start":{"line":115,"column":8},"end":{"line":115,"column":9}},"loc":{"start":{"line":115,"column":23},"end":{"line":117,"column":9}},"line":115},"12":{"name":"(anonymous_12)","decl":{"start":{"line":125,"column":8},"end":{"line":125,"column":9}},"loc":{"start":{"line":125,"column":23},"end":{"line":128,"column":9}},"line":125},"13":{"name":"(anonymous_13)","decl":{"start":{"line":135,"column":34},"end":{"line":135,"column":35}},"loc":{"start":{"line":135,"column":48},"end":{"line":165,"column":3}},"line":135},"14":{"name":"(anonymous_14)","decl":{"start":{"line":147,"column":8},"end":{"line":147,"column":9}},"loc":{"start":{"line":147,"column":23},"end":{"line":149,"column":9}},"line":147},"15":{"name":"(anonymous_15)","decl":{"start":{"line":157,"column":8},"end":{"line":157,"column":9}},"loc":{"start":{"line":157,"column":23},"end":{"line":160,"column":9}},"line":157},"16":{"name":"(anonymous_16)","decl":{"start":{"line":167,"column":36},"end":{"line":167,"column":37}},"loc":{"start":{"line":167,"column":50},"end":{"line":198,"column":1}},"line":167},"17":{"name":"(anonymous_17)","decl":{"start":{"line":179,"column":8},"end":{"line":179,"column":9}},"loc":{"start":{"line":179,"column":23},"end":{"line":181,"column":9}},"line":179},"18":{"name":"(anonymous_18)","decl":{"start":{"line":190,"column":8},"end":{"line":190,"column":9}},"loc":{"start":{"line":190,"column":23},"end":{"line":193,"column":9}},"line":190}},"branchMap":{"0":{"loc":{"start":{"line":8,"column":4},"end":{"line":10,"column":7}},"type":"if","locations":[{"start":{"line":8,"column":4},"end":{"line":10,"column":7}},{"start":{},"end":{}}],"line":8},"1":{"loc":{"start":{"line":28,"column":2},"end":{"line":30,"column":3}},"type":"if","locations":[{"start":{"line":28,"column":2},"end":{"line":30,"column":3}},{"start":{},"end":{}}],"line":28},"2":{"loc":{"start":{"line":40,"column":6},"end":{"line":40,"column":50}},"type":"if","locations":[{"start":{"line":40,"column":6},"end":{"line":40,"column":50}},{"start":{},"end":{}}],"line":40},"3":{"loc":{"start":{"line":48,"column":4},"end":{"line":50,"column":3}},"type":"if","locations":[{"start":{"line":48,"column":4},"end":{"line":50,"column":3}},{"start":{},"end":{}}],"line":48},"4":{"loc":{"start":{"line":53,"column":8},"end":{"line":54,"column":68}},"type":"if","locations":[{"start":{"line":53,"column":8},"end":{"line":54,"column":68}},{"start":{"line":54,"column":13},"end":{"line":54,"column":68}}],"line":53},"5":{"loc":{"start":{"line":60,"column":4},"end":{"line":62,"column":4}},"type":"if","locations":[{"start":{"line":60,"column":4},"end":{"line":62,"column":4}},{"start":{},"end":{}}],"line":60},"6":{"loc":{"start":{"line":64,"column":6},"end":{"line":65,"column":57}},"type":"if","locations":[{"start":{"line":64,"column":6},"end":{"line":65,"column":57}},{"start":{"line":65,"column":11},"end":{"line":65,"column":57}}],"line":64},"7":{"loc":{"start":{"line":71,"column":4},"end":{"line":73,"column":5}},"type":"if","locations":[{"start":{"line":71,"column":4},"end":{"line":73,"column":5}},{"start":{},"end":{}}],"line":71},"8":{"loc":{"start":{"line":83,"column":10},"end":{"line":83,"column":52}},"type":"if","locations":[{"start":{"line":83,"column":10},"end":{"line":83,"column":52}},{"start":{},"end":{}}],"line":83},"9":{"loc":{"start":{"line":94,"column":10},"end":{"line":95,"column":48}},"type":"if","locations":[{"start":{"line":94,"column":10},"end":{"line":95,"column":48}},{"start":{"line":95,"column":15},"end":{"line":95,"column":48}}],"line":94},"10":{"loc":{"start":{"line":104,"column":4},"end":{"line":106,"column":5}},"type":"if","locations":[{"start":{"line":104,"column":4},"end":{"line":106,"column":5}},{"start":{},"end":{}}],"line":104},"11":{"loc":{"start":{"line":116,"column":10},"end":{"line":116,"column":52}},"type":"if","locations":[{"start":{"line":116,"column":10},"end":{"line":116,"column":52}},{"start":{},"end":{}}],"line":116},"12":{"loc":{"start":{"line":126,"column":10},"end":{"line":127,"column":48}},"type":"if","locations":[{"start":{"line":126,"column":10},"end":{"line":127,"column":48}},{"start":{"line":127,"column":15},"end":{"line":127,"column":48}}],"line":126},"13":{"loc":{"start":{"line":136,"column":4},"end":{"line":138,"column":5}},"type":"if","locations":[{"start":{"line":136,"column":4},"end":{"line":138,"column":5}},{"start":{},"end":{}}],"line":136},"14":{"loc":{"start":{"line":148,"column":10},"end":{"line":148,"column":52}},"type":"if","locations":[{"start":{"line":148,"column":10},"end":{"line":148,"column":52}},{"start":{},"end":{}}],"line":148},"15":{"loc":{"start":{"line":158,"column":10},"end":{"line":159,"column":48}},"type":"if","locations":[{"start":{"line":158,"column":10},"end":{"line":159,"column":48}},{"start":{"line":159,"column":15},"end":{"line":159,"column":48}}],"line":158},"16":{"loc":{"start":{"line":168,"column":4},"end":{"line":170,"column":5}},"type":"if","locations":[{"start":{"line":168,"column":4},"end":{"line":170,"column":5}},{"start":{},"end":{}}],"line":168},"17":{"loc":{"start":{"line":180,"column":10},"end":{"line":180,"column":52}},"type":"if","locations":[{"start":{"line":180,"column":10},"end":{"line":180,"column":52}},{"start":{},"end":{}}],"line":180},"18":{"loc":{"start":{"line":191,"column":10},"end":{"line":192,"column":48}},"type":"if","locations":[{"start":{"line":191,"column":10},"end":{"line":192,"column":48}},{"start":{"line":192,"column":15},"end":{"line":192,"column":48}}],"line":191}},"s":{"0":5,"1":5,"2":5,"3":5,"4":0,"5":0,"6":0,"7":0,"8":0,"9":0,"10":0,"11":5,"12":0,"13":0,"14":0,"15":0,"16":0,"17":0,"18":5,"19":1,"20":0,"21":1,"22":1,"23":1,"24":0,"25":5,"26":0,"27":0,"28":0,"29":0,"30":0,"31":0,"32":5,"33":1,"34":0,"35":1,"36":1,"37":1,"38":0,"39":1,"40":1,"41":1,"42":0,"43":0,"44":5,"45":1,"46":0,"47":1,"48":1,"49":1,"50":0,"51":1,"52":1,"53":0,"54":1,"55":0,"56":5,"57":0,"58":0,"59":0,"60":0,"61":0,"62":0,"63":0,"64":0,"65":0,"66":0,"67":0,"68":5,"69":0,"70":0,"71":0,"72":0,"73":0,"74":0,"75":0,"76":0,"77":0,"78":0,"79":0},"f":{"0":0,"1":0,"2":0,"3":1,"4":1,"5":0,"6":0,"7":1,"8":1,"9":1,"10":1,"11":1,"12":1,"13":0,"14":0,"15":0,"16":0,"17":0,"18":0},"b":{"0":[0,0],"1":[0,0],"2":[0,0],"3":[0,1],"4":[1,0],"5":[0,0],"6":[0,0],"7":[0,1],"8":[0,1],"9":[1,0],"10":[0,1],"11":[0,1],"12":[0,1],"13":[0,0],"14":[0,0],"15":[0,0],"16":[0,0],"17":[0,0],"18":[0,0]},"_coverageSchema":"1a1c01bbd47fc00a2c39e90264f33305004495a9","hash":"ae981009604e7642d61954af5b114053d49004ec"}
,"C:\\Mes dossiers\\DC1 GIT\\Classe\\Projets_Transversaux\\O2A-backend\\Final\\AllergyFrontend\\backend_bonneversion\\controllers\\post.controller.js": {"path":"C:\\Mes dossiers\\DC1 GIT\\Classe\\Projets_Transversaux\\O2A-backend\\Final\\AllergyFrontend\\backend_bonneversion\\controllers\\post.controller.js","statementMap":{"0":{"start":{"line":1,"column":18},"end":{"line":1,"column":49}},"1":{"start":{"line":2,"column":19},"end":{"line":2,"column":51}},"2":{"start":{"line":3,"column":18},"end":{"line":3,"column":49}},"3":{"start":{"line":4,"column":25},"end":{"line":4,"column":57}},"4":{"start":{"line":5,"column":17},"end":{"line":5,"column":51}},"5":{"start":{"line":6,"column":11},"end":{"line":6,"column":24}},"6":{"start":{"line":7,"column":22},"end":{"line":7,"column":37}},"7":{"start":{"line":8,"column":17},"end":{"line":8,"column":54}},"8":{"start":{"line":10,"column":0},"end":{"line":15,"column":2}},"9":{"start":{"line":11,"column":2},"end":{"line":14,"column":29}},"10":{"start":{"line":12,"column":4},"end":{"line":13,"column":51}},"11":{"start":{"line":12,"column":14},"end":{"line":12,"column":41}},"12":{"start":{"line":13,"column":9},"end":{"line":13,"column":51}},"13":{"start":{"line":17,"column":0},"end":{"line":25,"column":2}},"14":{"start":{"line":18,"column":2},"end":{"line":19,"column":65}},"15":{"start":{"line":19,"column":4},"end":{"line":19,"column":65}},"16":{"start":{"line":21,"column":2},"end":{"line":24,"column":29}},"17":{"start":{"line":22,"column":4},"end":{"line":23,"column":51}},"18":{"start":{"line":22,"column":14},"end":{"line":22,"column":41}},"19":{"start":{"line":23,"column":9},"end":{"line":23,"column":51}},"20":{"start":{"line":27,"column":0},"end":{"line":70,"column":2}},"21":{"start":{"line":54,"column":18},"end":{"line":62,"column":4}},"22":{"start":{"line":64,"column":2},"end":{"line":69,"column":3}},"23":{"start":{"line":65,"column":5},"end":{"line":65,"column":19}},"24":{"start":{"line":66,"column":4},"end":{"line":66,"column":41}},"25":{"start":{"line":68,"column":4},"end":{"line":68,"column":37}},"26":{"start":{"line":72,"column":0},"end":{"line":120,"column":2}},"27":{"start":{"line":99,"column":18},"end":{"line":108,"column":4}},"28":{"start":{"line":109,"column":2},"end":{"line":119,"column":3}},"29":{"start":{"line":110,"column":4},"end":{"line":110,"column":18}},"30":{"start":{"line":111,"column":21},"end":{"line":114,"column":6}},"31":{"start":{"line":115,"column":4},"end":{"line":115,"column":19}},"32":{"start":{"line":116,"column":4},"end":{"line":116,"column":49}},"33":{"start":{"line":118,"column":4},"end":{"line":118,"column":37}},"34":{"start":{"line":122,"column":0},"end":{"line":140,"column":2}},"35":{"start":{"line":123,"column":2},"end":{"line":124,"column":65}},"36":{"start":{"line":124,"column":4},"end":{"line":124,"column":65}},"37":{"start":{"line":125,"column":2},"end":{"line":139,"column":4}},"38":{"start":{"line":136,"column":6},"end":{"line":137,"column":62}},"39":{"start":{"line":136,"column":16},"end":{"line":136,"column":50}},"40":{"start":{"line":137,"column":11},"end":{"line":137,"column":62}},"41":{"start":{"line":142,"column":0},"end":{"line":150,"column":2}},"42":{"start":{"line":143,"column":2},"end":{"line":144,"column":65}},"43":{"start":{"line":144,"column":4},"end":{"line":144,"column":65}},"44":{"start":{"line":146,"column":2},"end":{"line":149,"column":5}},"45":{"start":{"line":147,"column":4},"end":{"line":148,"column":42}},"46":{"start":{"line":147,"column":14},"end":{"line":147,"column":61}},"47":{"start":{"line":148,"column":9},"end":{"line":148,"column":42}},"48":{"start":{"line":152,"column":0},"end":{"line":181,"column":2}},"49":{"start":{"line":153,"column":2},"end":{"line":154,"column":65}},"50":{"start":{"line":154,"column":4},"end":{"line":154,"column":65}},"51":{"start":{"line":156,"column":2},"end":{"line":180,"column":3}},"52":{"start":{"line":157,"column":4},"end":{"line":166,"column":6}},"53":{"start":{"line":164,"column":8},"end":{"line":164,"column":50}},"54":{"start":{"line":164,"column":17},"end":{"line":164,"column":50}},"55":{"start":{"line":167,"column":5},"end":{"line":177,"column":6}},"56":{"start":{"line":174,"column":8},"end":{"line":175,"column":46}},"57":{"start":{"line":174,"column":18},"end":{"line":174,"column":52}},"58":{"start":{"line":175,"column":13},"end":{"line":175,"column":46}},"59":{"start":{"line":179,"column":4},"end":{"line":179,"column":37}},"60":{"start":{"line":183,"column":0},"end":{"line":212,"column":2}},"61":{"start":{"line":184,"column":2},"end":{"line":185,"column":65}},"62":{"start":{"line":185,"column":4},"end":{"line":185,"column":65}},"63":{"start":{"line":187,"column":2},"end":{"line":211,"column":3}},"64":{"start":{"line":188,"column":5},"end":{"line":197,"column":6}},"65":{"start":{"line":195,"column":8},"end":{"line":195,"column":50}},"66":{"start":{"line":195,"column":17},"end":{"line":195,"column":50}},"67":{"start":{"line":198,"column":5},"end":{"line":208,"column":6}},"68":{"start":{"line":205,"column":8},"end":{"line":206,"column":46}},"69":{"start":{"line":205,"column":18},"end":{"line":205,"column":52}},"70":{"start":{"line":206,"column":13},"end":{"line":206,"column":46}},"71":{"start":{"line":210,"column":4},"end":{"line":210,"column":37}},"72":{"start":{"line":214,"column":0},"end":{"line":243,"column":2}},"73":{"start":{"line":215,"column":2},"end":{"line":216,"column":65}},"74":{"start":{"line":216,"column":4},"end":{"line":216,"column":65}},"75":{"start":{"line":218,"column":2},"end":{"line":242,"column":3}},"76":{"start":{"line":219,"column":5},"end":{"line":228,"column":6}},"77":{"start":{"line":226,"column":8},"end":{"line":226,"column":50}},"78":{"start":{"line":226,"column":17},"end":{"line":226,"column":50}},"79":{"start":{"line":229,"column":5},"end":{"line":239,"column":6}},"80":{"start":{"line":236,"column":8},"end":{"line":237,"column":46}},"81":{"start":{"line":236,"column":18},"end":{"line":236,"column":52}},"82":{"start":{"line":237,"column":13},"end":{"line":237,"column":46}},"83":{"start":{"line":241,"column":4},"end":{"line":241,"column":37}},"84":{"start":{"line":245,"column":0},"end":{"line":274,"column":2}},"85":{"start":{"line":246,"column":2},"end":{"line":247,"column":65}},"86":{"start":{"line":247,"column":4},"end":{"line":247,"column":65}},"87":{"start":{"line":249,"column":2},"end":{"line":273,"column":3}},"88":{"start":{"line":250,"column":5},"end":{"line":259,"column":6}},"89":{"start":{"line":257,"column":8},"end":{"line":257,"column":50}},"90":{"start":{"line":257,"column":17},"end":{"line":257,"column":50}},"91":{"start":{"line":260,"column":5},"end":{"line":270,"column":6}},"92":{"start":{"line":267,"column":8},"end":{"line":268,"column":46}},"93":{"start":{"line":267,"column":18},"end":{"line":267,"column":45}},"94":{"start":{"line":268,"column":13},"end":{"line":268,"column":46}},"95":{"start":{"line":272,"column":4},"end":{"line":272,"column":37}}},"fnMap":{"0":{"name":"(anonymous_0)","decl":{"start":{"line":10,"column":26},"end":{"line":10,"column":27}},"loc":{"start":{"line":10,"column":40},"end":{"line":15,"column":1}},"line":10},"1":{"name":"(anonymous_1)","decl":{"start":{"line":11,"column":17},"end":{"line":11,"column":18}},"loc":{"start":{"line":11,"column":32},"end":{"line":14,"column":3}},"line":11},"2":{"name":"(anonymous_2)","decl":{"start":{"line":17,"column":29},"end":{"line":17,"column":30}},"loc":{"start":{"line":17,"column":43},"end":{"line":25,"column":1}},"line":17},"3":{"name":"(anonymous_3)","decl":{"start":{"line":21,"column":43},"end":{"line":21,"column":44}},"loc":{"start":{"line":21,"column":58},"end":{"line":24,"column":3}},"line":21},"4":{"name":"(anonymous_4)","decl":{"start":{"line":27,"column":34},"end":{"line":27,"column":35}},"loc":{"start":{"line":27,"column":54},"end":{"line":70,"column":1}},"line":27},"5":{"name":"(anonymous_5)","decl":{"start":{"line":72,"column":35},"end":{"line":72,"column":36}},"loc":{"start":{"line":72,"column":55},"end":{"line":120,"column":1}},"line":72},"6":{"name":"(anonymous_6)","decl":{"start":{"line":122,"column":28},"end":{"line":122,"column":29}},"loc":{"start":{"line":122,"column":42},"end":{"line":140,"column":1}},"line":122},"7":{"name":"(anonymous_7)","decl":{"start":{"line":135,"column":4},"end":{"line":135,"column":5}},"loc":{"start":{"line":135,"column":19},"end":{"line":138,"column":5}},"line":135},"8":{"name":"(anonymous_8)","decl":{"start":{"line":142,"column":28},"end":{"line":142,"column":29}},"loc":{"start":{"line":142,"column":42},"end":{"line":150,"column":1}},"line":142},"9":{"name":"(anonymous_9)","decl":{"start":{"line":146,"column":45},"end":{"line":146,"column":46}},"loc":{"start":{"line":146,"column":60},"end":{"line":149,"column":3}},"line":146},"10":{"name":"(anonymous_10)","decl":{"start":{"line":152,"column":26},"end":{"line":152,"column":27}},"loc":{"start":{"line":152,"column":40},"end":{"line":181,"column":1}},"line":152},"11":{"name":"(anonymous_11)","decl":{"start":{"line":163,"column":6},"end":{"line":163,"column":7}},"loc":{"start":{"line":163,"column":21},"end":{"line":165,"column":7}},"line":163},"12":{"name":"(anonymous_12)","decl":{"start":{"line":173,"column":6},"end":{"line":173,"column":7}},"loc":{"start":{"line":173,"column":21},"end":{"line":176,"column":7}},"line":173},"13":{"name":"(anonymous_13)","decl":{"start":{"line":183,"column":29},"end":{"line":183,"column":30}},"loc":{"start":{"line":183,"column":43},"end":{"line":212,"column":1}},"line":183},"14":{"name":"(anonymous_14)","decl":{"start":{"line":194,"column":6},"end":{"line":194,"column":7}},"loc":{"start":{"line":194,"column":21},"end":{"line":196,"column":7}},"line":194},"15":{"name":"(anonymous_15)","decl":{"start":{"line":204,"column":6},"end":{"line":204,"column":7}},"loc":{"start":{"line":204,"column":21},"end":{"line":207,"column":7}},"line":204},"16":{"name":"(anonymous_16)","decl":{"start":{"line":214,"column":29},"end":{"line":214,"column":30}},"loc":{"start":{"line":214,"column":43},"end":{"line":243,"column":1}},"line":214},"17":{"name":"(anonymous_17)","decl":{"start":{"line":225,"column":6},"end":{"line":225,"column":7}},"loc":{"start":{"line":225,"column":21},"end":{"line":227,"column":7}},"line":225},"18":{"name":"(anonymous_18)","decl":{"start":{"line":235,"column":6},"end":{"line":235,"column":7}},"loc":{"start":{"line":235,"column":21},"end":{"line":238,"column":7}},"line":235},"19":{"name":"(anonymous_19)","decl":{"start":{"line":245,"column":31},"end":{"line":245,"column":32}},"loc":{"start":{"line":245,"column":45},"end":{"line":274,"column":1}},"line":245},"20":{"name":"(anonymous_20)","decl":{"start":{"line":256,"column":6},"end":{"line":256,"column":7}},"loc":{"start":{"line":256,"column":21},"end":{"line":258,"column":7}},"line":256},"21":{"name":"(anonymous_21)","decl":{"start":{"line":266,"column":6},"end":{"line":266,"column":7}},"loc":{"start":{"line":266,"column":21},"end":{"line":269,"column":7}},"line":266}},"branchMap":{"0":{"loc":{"start":{"line":12,"column":4},"end":{"line":13,"column":51}},"type":"if","locations":[{"start":{"line":12,"column":4},"end":{"line":13,"column":51}},{"start":{"line":13,"column":9},"end":{"line":13,"column":51}}],"line":12},"1":{"loc":{"start":{"line":18,"column":2},"end":{"line":19,"column":65}},"type":"if","locations":[{"start":{"line":18,"column":2},"end":{"line":19,"column":65}},{"start":{},"end":{}}],"line":18},"2":{"loc":{"start":{"line":22,"column":4},"end":{"line":23,"column":51}},"type":"if","locations":[{"start":{"line":22,"column":4},"end":{"line":23,"column":51}},{"start":{"line":23,"column":9},"end":{"line":23,"column":51}}],"line":22},"3":{"loc":{"start":{"line":123,"column":2},"end":{"line":124,"column":65}},"type":"if","locations":[{"start":{"line":123,"column":2},"end":{"line":124,"column":65}},{"start":{},"end":{}}],"line":123},"4":{"loc":{"start":{"line":136,"column":6},"end":{"line":137,"column":62}},"type":"if","locations":[{"start":{"line":136,"column":6},"end":{"line":137,"column":62}},{"start":{"line":137,"column":11},"end":{"line":137,"column":62}}],"line":136},"5":{"loc":{"start":{"line":143,"column":2},"end":{"line":144,"column":65}},"type":"if","locations":[{"start":{"line":143,"column":2},"end":{"line":144,"column":65}},{"start":{},"end":{}}],"line":143},"6":{"loc":{"start":{"line":147,"column":4},"end":{"line":148,"column":42}},"type":"if","locations":[{"start":{"line":147,"column":4},"end":{"line":148,"column":42}},{"start":{"line":148,"column":9},"end":{"line":148,"column":42}}],"line":147},"7":{"loc":{"start":{"line":153,"column":2},"end":{"line":154,"column":65}},"type":"if","locations":[{"start":{"line":153,"column":2},"end":{"line":154,"column":65}},{"start":{},"end":{}}],"line":153},"8":{"loc":{"start":{"line":164,"column":8},"end":{"line":164,"column":50}},"type":"if","locations":[{"start":{"line":164,"column":8},"end":{"line":164,"column":50}},{"start":{},"end":{}}],"line":164},"9":{"loc":{"start":{"line":174,"column":8},"end":{"line":175,"column":46}},"type":"if","locations":[{"start":{"line":174,"column":8},"end":{"line":175,"column":46}},{"start":{"line":175,"column":13},"end":{"line":175,"column":46}}],"line":174},"10":{"loc":{"start":{"line":184,"column":2},"end":{"line":185,"column":65}},"type":"if","locations":[{"start":{"line":184,"column":2},"end":{"line":185,"column":65}},{"start":{},"end":{}}],"line":184},"11":{"loc":{"start":{"line":195,"column":8},"end":{"line":195,"column":50}},"type":"if","locations":[{"start":{"line":195,"column":8},"end":{"line":195,"column":50}},{"start":{},"end":{}}],"line":195},"12":{"loc":{"start":{"line":205,"column":8},"end":{"line":206,"column":46}},"type":"if","locations":[{"start":{"line":205,"column":8},"end":{"line":206,"column":46}},{"start":{"line":206,"column":13},"end":{"line":206,"column":46}}],"line":205},"13":{"loc":{"start":{"line":215,"column":2},"end":{"line":216,"column":65}},"type":"if","locations":[{"start":{"line":215,"column":2},"end":{"line":216,"column":65}},{"start":{},"end":{}}],"line":215},"14":{"loc":{"start":{"line":226,"column":8},"end":{"line":226,"column":50}},"type":"if","locations":[{"start":{"line":226,"column":8},"end":{"line":226,"column":50}},{"start":{},"end":{}}],"line":226},"15":{"loc":{"start":{"line":236,"column":8},"end":{"line":237,"column":46}},"type":"if","locations":[{"start":{"line":236,"column":8},"end":{"line":237,"column":46}},{"start":{"line":237,"column":13},"end":{"line":237,"column":46}}],"line":236},"16":{"loc":{"start":{"line":246,"column":2},"end":{"line":247,"column":65}},"type":"if","locations":[{"start":{"line":246,"column":2},"end":{"line":247,"column":65}},{"start":{},"end":{}}],"line":246},"17":{"loc":{"start":{"line":257,"column":8},"end":{"line":257,"column":50}},"type":"if","locations":[{"start":{"line":257,"column":8},"end":{"line":257,"column":50}},{"start":{},"end":{}}],"line":257},"18":{"loc":{"start":{"line":267,"column":8},"end":{"line":268,"column":46}},"type":"if","locations":[{"start":{"line":267,"column":8},"end":{"line":268,"column":46}},{"start":{"line":268,"column":13},"end":{"line":268,"column":46}}],"line":267}},"s":{"0":5,"1":5,"2":5,"3":5,"4":5,"5":5,"6":5,"7":5,"8":5,"9":1,"10":1,"11":1,"12":0,"13":5,"14":1,"15":0,"16":1,"17":1,"18":1,"19":0,"20":5,"21":0,"22":0,"23":0,"24":0,"25":0,"26":5,"27":0,"28":0,"29":0,"30":0,"31":0,"32":0,"33":0,"34":5,"35":1,"36":0,"37":1,"38":1,"39":1,"40":0,"41":5,"42":1,"43":0,"44":1,"45":1,"46":1,"47":0,"48":5,"49":1,"50":0,"51":1,"52":1,"53":1,"54":0,"55":1,"56":1,"57":1,"58":0,"59":0,"60":5,"61":0,"62":0,"63":0,"64":0,"65":0,"66":0,"67":0,"68":0,"69":0,"70":0,"71":0,"72":5,"73":0,"74":0,"75":0,"76":0,"77":0,"78":0,"79":0,"80":0,"81":0,"82":0,"83":0,"84":5,"85":1,"86":0,"87":1,"88":1,"89":1,"90":0,"91":1,"92":1,"93":1,"94":0,"95":0},"f":{"0":1,"1":1,"2":1,"3":1,"4":0,"5":0,"6":1,"7":1,"8":1,"9":1,"10":1,"11":1,"12":1,"13":0,"14":0,"15":0,"16":0,"17":0,"18":0,"19":1,"20":1,"21":1},"b":{"0":[1,0],"1":[0,1],"2":[1,0],"3":[0,1],"4":[1,0],"5":[0,1],"6":[1,0],"7":[0,1],"8":[0,1],"9":[1,0],"10":[0,0],"11":[0,0],"12":[0,0],"13":[0,0],"14":[0,0],"15":[0,0],"16":[0,1],"17":[0,1],"18":[1,0]},"_coverageSchema":"1a1c01bbd47fc00a2c39e90264f33305004495a9","hash":"96cbe32acf9dcd47e0373306ceff92d6ba4562ae"}
,"C:\\Mes dossiers\\DC1 GIT\\Classe\\Projets_Transversaux\\O2A-backend\\Final\\AllergyFrontend\\backend_bonneversion\\controllers\\specialist.controller.js": {"path":"C:\\Mes dossiers\\DC1 GIT\\Classe\\Projets_Transversaux\\O2A-backend\\Final\\AllergyFrontend\\backend_bonneversion\\controllers\\specialist.controller.js","statementMap":{"0":{"start":{"line":1,"column":24},"end":{"line":1,"column":61}},"1":{"start":{"line":2,"column":18},"end":{"line":2,"column":49}},"2":{"start":{"line":3,"column":18},"end":{"line":3,"column":50}},"3":{"start":{"line":4,"column":26},"end":{"line":4,"column":61}},"4":{"start":{"line":5,"column":17},"end":{"line":5,"column":51}},"5":{"start":{"line":8,"column":0},"end":{"line":13,"column":3}},"6":{"start":{"line":9,"column":4},"end":{"line":12,"column":9}},"7":{"start":{"line":10,"column":8},"end":{"line":11,"column":68}},"8":{"start":{"line":10,"column":18},"end":{"line":10,"column":52}},"9":{"start":{"line":11,"column":13},"end":{"line":11,"column":68}},"10":{"start":{"line":15,"column":1},"end":{"line":26,"column":3}},"11":{"start":{"line":16,"column":4},"end":{"line":17,"column":69}},"12":{"start":{"line":17,"column":8},"end":{"line":17,"column":69}},"13":{"start":{"line":18,"column":4},"end":{"line":25,"column":5}},"14":{"start":{"line":19,"column":8},"end":{"line":22,"column":9}},"15":{"start":{"line":20,"column":8},"end":{"line":21,"column":68}},"16":{"start":{"line":20,"column":18},"end":{"line":20,"column":45}},"17":{"start":{"line":21,"column":13},"end":{"line":21,"column":68}},"18":{"start":{"line":24,"column":8},"end":{"line":24,"column":50}},"19":{"start":{"line":28,"column":1},"end":{"line":36,"column":3}},"20":{"start":{"line":29,"column":4},"end":{"line":30,"column":69}},"21":{"start":{"line":30,"column":8},"end":{"line":30,"column":69}},"22":{"start":{"line":32,"column":4},"end":{"line":35,"column":9}},"23":{"start":{"line":33,"column":8},"end":{"line":34,"column":68}},"24":{"start":{"line":33,"column":18},"end":{"line":33,"column":45}},"25":{"start":{"line":34,"column":13},"end":{"line":34,"column":68}},"26":{"start":{"line":38,"column":0},"end":{"line":47,"column":3}},"27":{"start":{"line":39,"column":4},"end":{"line":46,"column":5}},"28":{"start":{"line":40,"column":8},"end":{"line":43,"column":9}},"29":{"start":{"line":41,"column":12},"end":{"line":42,"column":75}},"30":{"start":{"line":41,"column":22},"end":{"line":41,"column":49}},"31":{"start":{"line":42,"column":17},"end":{"line":42,"column":75}},"32":{"start":{"line":45,"column":8},"end":{"line":45,"column":53}},"33":{"start":{"line":49,"column":0},"end":{"line":67,"column":2}},"34":{"start":{"line":50,"column":45},"end":{"line":50,"column":53}},"35":{"start":{"line":51,"column":2},"end":{"line":66,"column":3}},"36":{"start":{"line":52,"column":26},"end":{"line":58,"column":8}},"37":{"start":{"line":60,"column":6},"end":{"line":62,"column":60}},"38":{"start":{"line":61,"column":21},"end":{"line":61,"column":61}},"39":{"start":{"line":62,"column":20},"end":{"line":62,"column":58}},"40":{"start":{"line":65,"column":6},"end":{"line":65,"column":34}},"41":{"start":{"line":70,"column":0},"end":{"line":93,"column":2}},"42":{"start":{"line":71,"column":4},"end":{"line":73,"column":5}},"43":{"start":{"line":72,"column":8},"end":{"line":72,"column":69}},"44":{"start":{"line":74,"column":4},"end":{"line":92,"column":6}},"45":{"start":{"line":89,"column":12},"end":{"line":90,"column":67}},"46":{"start":{"line":89,"column":22},"end":{"line":89,"column":56}},"47":{"start":{"line":90,"column":17},"end":{"line":90,"column":67}},"48":{"start":{"line":95,"column":0},"end":{"line":104,"column":2}},"49":{"start":{"line":96,"column":4},"end":{"line":98,"column":5}},"50":{"start":{"line":97,"column":6},"end":{"line":97,"column":67}},"51":{"start":{"line":100,"column":4},"end":{"line":103,"column":7}},"52":{"start":{"line":101,"column":6},"end":{"line":102,"column":61}},"53":{"start":{"line":101,"column":16},"end":{"line":101,"column":71}},"54":{"start":{"line":102,"column":11},"end":{"line":102,"column":61}},"55":{"start":{"line":107,"column":0},"end":{"line":151,"column":2}},"56":{"start":{"line":108,"column":4},"end":{"line":110,"column":5}},"57":{"start":{"line":109,"column":8},"end":{"line":109,"column":67}},"58":{"start":{"line":110,"column":6},"end":{"line":150,"column":5}},"59":{"start":{"line":112,"column":8},"end":{"line":119,"column":10}},"60":{"start":{"line":117,"column":16},"end":{"line":117,"column":58}},"61":{"start":{"line":117,"column":25},"end":{"line":117,"column":58}},"62":{"start":{"line":121,"column":4},"end":{"line":132,"column":6}},"63":{"start":{"line":130,"column":12},"end":{"line":130,"column":54}},"64":{"start":{"line":130,"column":21},"end":{"line":130,"column":54}},"65":{"start":{"line":133,"column":4},"end":{"line":147,"column":6}},"66":{"start":{"line":144,"column":12},"end":{"line":145,"column":50}},"67":{"start":{"line":144,"column":22},"end":{"line":144,"column":49}},"68":{"start":{"line":145,"column":17},"end":{"line":145,"column":50}},"69":{"start":{"line":149,"column":8},"end":{"line":149,"column":54}},"70":{"start":{"line":153,"column":0},"end":{"line":196,"column":2}},"71":{"start":{"line":154,"column":4},"end":{"line":155,"column":66}},"72":{"start":{"line":155,"column":8},"end":{"line":155,"column":66}},"73":{"start":{"line":156,"column":4},"end":{"line":195,"column":5}},"74":{"start":{"line":158,"column":8},"end":{"line":165,"column":10}},"75":{"start":{"line":163,"column":16},"end":{"line":163,"column":58}},"76":{"start":{"line":163,"column":25},"end":{"line":163,"column":58}},"77":{"start":{"line":167,"column":5},"end":{"line":175,"column":6}},"78":{"start":{"line":172,"column":12},"end":{"line":172,"column":54}},"79":{"start":{"line":172,"column":21},"end":{"line":172,"column":54}},"80":{"start":{"line":177,"column":4},"end":{"line":191,"column":6}},"81":{"start":{"line":188,"column":12},"end":{"line":189,"column":50}},"82":{"start":{"line":188,"column":22},"end":{"line":188,"column":56}},"83":{"start":{"line":189,"column":17},"end":{"line":189,"column":50}},"84":{"start":{"line":194,"column":8},"end":{"line":194,"column":41}}},"fnMap":{"0":{"name":"(anonymous_0)","decl":{"start":{"line":8,"column":37},"end":{"line":8,"column":38}},"loc":{"start":{"line":8,"column":57},"end":{"line":13,"column":2}},"line":8},"1":{"name":"(anonymous_1)","decl":{"start":{"line":9,"column":19},"end":{"line":9,"column":20}},"loc":{"start":{"line":9,"column":34},"end":{"line":12,"column":7}},"line":9},"2":{"name":"(anonymous_2)","decl":{"start":{"line":15,"column":33},"end":{"line":15,"column":34}},"loc":{"start":{"line":15,"column":53},"end":{"line":26,"column":2}},"line":15},"3":{"name":"(anonymous_3)","decl":{"start":{"line":19,"column":50},"end":{"line":19,"column":51}},"loc":{"start":{"line":19,"column":65},"end":{"line":22,"column":7}},"line":19},"4":{"name":"(anonymous_4)","decl":{"start":{"line":28,"column":29},"end":{"line":28,"column":30}},"loc":{"start":{"line":28,"column":49},"end":{"line":36,"column":2}},"line":28},"5":{"name":"(anonymous_5)","decl":{"start":{"line":32,"column":57},"end":{"line":32,"column":58}},"loc":{"start":{"line":32,"column":72},"end":{"line":35,"column":7}},"line":32},"6":{"name":"(anonymous_6)","decl":{"start":{"line":38,"column":32},"end":{"line":38,"column":33}},"loc":{"start":{"line":38,"column":52},"end":{"line":47,"column":2}},"line":38},"7":{"name":"(anonymous_7)","decl":{"start":{"line":40,"column":42},"end":{"line":40,"column":43}},"loc":{"start":{"line":40,"column":57},"end":{"line":43,"column":7}},"line":40},"8":{"name":"(anonymous_8)","decl":{"start":{"line":49,"column":35},"end":{"line":49,"column":36}},"loc":{"start":{"line":49,"column":49},"end":{"line":67,"column":1}},"line":49},"9":{"name":"(anonymous_9)","decl":{"start":{"line":61,"column":12},"end":{"line":61,"column":13}},"loc":{"start":{"line":61,"column":18},"end":{"line":61,"column":62}},"line":61},"10":{"name":"(anonymous_10)","decl":{"start":{"line":62,"column":13},"end":{"line":62,"column":14}},"loc":{"start":{"line":62,"column":20},"end":{"line":62,"column":58}},"line":62},"11":{"name":"(anonymous_11)","decl":{"start":{"line":70,"column":33},"end":{"line":70,"column":34}},"loc":{"start":{"line":70,"column":47},"end":{"line":93,"column":1}},"line":70},"12":{"name":"(anonymous_12)","decl":{"start":{"line":88,"column":8},"end":{"line":88,"column":9}},"loc":{"start":{"line":88,"column":23},"end":{"line":91,"column":9}},"line":88},"13":{"name":"(anonymous_13)","decl":{"start":{"line":95,"column":28},"end":{"line":95,"column":29}},"loc":{"start":{"line":95,"column":42},"end":{"line":104,"column":1}},"line":95},"14":{"name":"(anonymous_14)","decl":{"start":{"line":100,"column":47},"end":{"line":100,"column":48}},"loc":{"start":{"line":100,"column":62},"end":{"line":103,"column":5}},"line":100},"15":{"name":"(anonymous_15)","decl":{"start":{"line":107,"column":24},"end":{"line":107,"column":25}},"loc":{"start":{"line":107,"column":38},"end":{"line":151,"column":1}},"line":107},"16":{"name":"(anonymous_16)","decl":{"start":{"line":116,"column":12},"end":{"line":116,"column":13}},"loc":{"start":{"line":116,"column":26},"end":{"line":118,"column":13}},"line":116},"17":{"name":"(anonymous_17)","decl":{"start":{"line":129,"column":8},"end":{"line":129,"column":9}},"loc":{"start":{"line":129,"column":22},"end":{"line":131,"column":9}},"line":129},"18":{"name":"(anonymous_18)","decl":{"start":{"line":143,"column":8},"end":{"line":143,"column":9}},"loc":{"start":{"line":143,"column":22},"end":{"line":146,"column":9}},"line":143},"19":{"name":"(anonymous_19)","decl":{"start":{"line":153,"column":26},"end":{"line":153,"column":27}},"loc":{"start":{"line":153,"column":46},"end":{"line":196,"column":1}},"line":153},"20":{"name":"(anonymous_20)","decl":{"start":{"line":162,"column":12},"end":{"line":162,"column":13}},"loc":{"start":{"line":162,"column":26},"end":{"line":164,"column":13}},"line":162},"21":{"name":"(anonymous_21)","decl":{"start":{"line":171,"column":8},"end":{"line":171,"column":9}},"loc":{"start":{"line":171,"column":22},"end":{"line":173,"column":9}},"line":171},"22":{"name":"(anonymous_22)","decl":{"start":{"line":187,"column":8},"end":{"line":187,"column":9}},"loc":{"start":{"line":187,"column":22},"end":{"line":190,"column":9}},"line":187}},"branchMap":{"0":{"loc":{"start":{"line":10,"column":8},"end":{"line":11,"column":68}},"type":"if","locations":[{"start":{"line":10,"column":8},"end":{"line":11,"column":68}},{"start":{"line":11,"column":13},"end":{"line":11,"column":68}}],"line":10},"1":{"loc":{"start":{"line":16,"column":4},"end":{"line":17,"column":69}},"type":"if","locations":[{"start":{"line":16,"column":4},"end":{"line":17,"column":69}},{"start":{},"end":{}}],"line":16},"2":{"loc":{"start":{"line":20,"column":8},"end":{"line":21,"column":68}},"type":"if","locations":[{"start":{"line":20,"column":8},"end":{"line":21,"column":68}},{"start":{"line":21,"column":13},"end":{"line":21,"column":68}}],"line":20},"3":{"loc":{"start":{"line":29,"column":4},"end":{"line":30,"column":69}},"type":"if","locations":[{"start":{"line":29,"column":4},"end":{"line":30,"column":69}},{"start":{},"end":{}}],"line":29},"4":{"loc":{"start":{"line":33,"column":8},"end":{"line":34,"column":68}},"type":"if","locations":[{"start":{"line":33,"column":8},"end":{"line":34,"column":68}},{"start":{"line":34,"column":13},"end":{"line":34,"column":68}}],"line":33},"5":{"loc":{"start":{"line":41,"column":12},"end":{"line":42,"column":75}},"type":"if","locations":[{"start":{"line":41,"column":12},"end":{"line":42,"column":75}},{"start":{"line":42,"column":17},"end":{"line":42,"column":75}}],"line":41},"6":{"loc":{"start":{"line":71,"column":4},"end":{"line":73,"column":5}},"type":"if","locations":[{"start":{"line":71,"column":4},"end":{"line":73,"column":5}},{"start":{},"end":{}}],"line":71},"7":{"loc":{"start":{"line":89,"column":12},"end":{"line":90,"column":67}},"type":"if","locations":[{"start":{"line":89,"column":12},"end":{"line":90,"column":67}},{"start":{"line":90,"column":17},"end":{"line":90,"column":67}}],"line":89},"8":{"loc":{"start":{"line":96,"column":4},"end":{"line":98,"column":5}},"type":"if","locations":[{"start":{"line":96,"column":4},"end":{"line":98,"column":5}},{"start":{},"end":{}}],"line":96},"9":{"loc":{"start":{"line":101,"column":6},"end":{"line":102,"column":61}},"type":"if","locations":[{"start":{"line":101,"column":6},"end":{"line":102,"column":61}},{"start":{"line":102,"column":11},"end":{"line":102,"column":61}}],"line":101},"10":{"loc":{"start":{"line":108,"column":4},"end":{"line":110,"column":5}},"type":"if","locations":[{"start":{"line":108,"column":4},"end":{"line":110,"column":5}},{"start":{},"end":{}}],"line":108},"11":{"loc":{"start":{"line":108,"column":7},"end":{"line":108,"column":81}},"type":"binary-expr","locations":[{"start":{"line":108,"column":7},"end":{"line":108,"column":39}},{"start":{"line":108,"column":43},"end":{"line":108,"column":81}}],"line":108},"12":{"loc":{"start":{"line":117,"column":16},"end":{"line":117,"column":58}},"type":"if","locations":[{"start":{"line":117,"column":16},"end":{"line":117,"column":58}},{"start":{},"end":{}}],"line":117},"13":{"loc":{"start":{"line":130,"column":12},"end":{"line":130,"column":54}},"type":"if","locations":[{"start":{"line":130,"column":12},"end":{"line":130,"column":54}},{"start":{},"end":{}}],"line":130},"14":{"loc":{"start":{"line":144,"column":12},"end":{"line":145,"column":50}},"type":"if","locations":[{"start":{"line":144,"column":12},"end":{"line":145,"column":50}},{"start":{"line":145,"column":17},"end":{"line":145,"column":50}}],"line":144},"15":{"loc":{"start":{"line":154,"column":4},"end":{"line":155,"column":66}},"type":"if","locations":[{"start":{"line":154,"column":4},"end":{"line":155,"column":66}},{"start":{},"end":{}}],"line":154},"16":{"loc":{"start":{"line":154,"column":7},"end":{"line":154,"column":83}},"type":"binary-expr","locations":[{"start":{"line":154,"column":7},"end":{"line":154,"column":39}},{"start":{"line":154,"column":43},"end":{"line":154,"column":83}}],"line":154},"17":{"loc":{"start":{"line":163,"column":16},"end":{"line":163,"column":58}},"type":"if","locations":[{"start":{"line":163,"column":16},"end":{"line":163,"column":58}},{"start":{},"end":{}}],"line":163},"18":{"loc":{"start":{"line":172,"column":12},"end":{"line":172,"column":54}},"type":"if","locations":[{"start":{"line":172,"column":12},"end":{"line":172,"column":54}},{"start":{},"end":{}}],"line":172},"19":{"loc":{"start":{"line":188,"column":12},"end":{"line":189,"column":50}},"type":"if","locations":[{"start":{"line":188,"column":12},"end":{"line":189,"column":50}},{"start":{"line":189,"column":17},"end":{"line":189,"column":50}}],"line":188}},"s":{"0":5,"1":5,"2":5,"3":5,"4":5,"5":5,"6":0,"7":0,"8":0,"9":0,"10":5,"11":0,"12":0,"13":0,"14":0,"15":0,"16":0,"17":0,"18":0,"19":5,"20":1,"21":0,"22":1,"23":1,"24":1,"25":0,"26":5,"27":1,"28":1,"29":1,"30":1,"31":0,"32":0,"33":5,"34":0,"35":0,"36":0,"37":0,"38":0,"39":0,"40":0,"41":5,"42":0,"43":0,"44":0,"45":0,"46":0,"47":0,"48":5,"49":0,"50":0,"51":0,"52":0,"53":0,"54":0,"55":5,"56":0,"57":0,"58":0,"59":0,"60":0,"61":0,"62":0,"63":0,"64":0,"65":0,"66":0,"67":0,"68":0,"69":0,"70":5,"71":0,"72":0,"73":0,"74":0,"75":0,"76":0,"77":0,"78":0,"79":0,"80":0,"81":0,"82":0,"83":0,"84":0},"f":{"0":0,"1":0,"2":0,"3":0,"4":1,"5":1,"6":1,"7":1,"8":0,"9":0,"10":0,"11":0,"12":0,"13":0,"14":0,"15":0,"16":0,"17":0,"18":0,"19":0,"20":0,"21":0,"22":0},"b":{"0":[0,0],"1":[0,0],"2":[0,0],"3":[0,1],"4":[1,0],"5":[1,0],"6":[0,0],"7":[0,0],"8":[0,0],"9":[0,0],"10":[0,0],"11":[0,0],"12":[0,0],"13":[0,0],"14":[0,0],"15":[0,0],"16":[0,0],"17":[0,0],"18":[0,0],"19":[0,0]},"_coverageSchema":"1a1c01bbd47fc00a2c39e90264f33305004495a9","hash":"3554268cf82278b53589088d6eca4f9dedee0654"}
,"C:\\Mes dossiers\\DC1 GIT\\Classe\\Projets_Transversaux\\O2A-backend\\Final\\AllergyFrontend\\backend_bonneversion\\controllers\\upload.controller.js": {"path":"C:\\Mes dossiers\\DC1 GIT\\Classe\\Projets_Transversaux\\O2A-backend\\Final\\AllergyFrontend\\backend_bonneversion\\controllers\\upload.controller.js","statementMap":{"0":{"start":{"line":1,"column":18},"end":{"line":1,"column":49}},"1":{"start":{"line":2,"column":11},"end":{"line":2,"column":24}},"2":{"start":{"line":3,"column":22},"end":{"line":3,"column":37}},"3":{"start":{"line":4,"column":17},"end":{"line":4,"column":54}},"4":{"start":{"line":5,"column":25},"end":{"line":5,"column":57}},"5":{"start":{"line":7,"column":0},"end":{"line":31,"column":2}},"6":{"start":{"line":8,"column":2},"end":{"line":20,"column":3}},"7":{"start":{"line":9,"column":4},"end":{"line":14,"column":34}},"8":{"start":{"line":14,"column":6},"end":{"line":14,"column":34}},"9":{"start":{"line":16,"column":4},"end":{"line":16,"column":56}},"10":{"start":{"line":16,"column":32},"end":{"line":16,"column":56}},"11":{"start":{"line":18,"column":19},"end":{"line":18,"column":36}},"12":{"start":{"line":19,"column":4},"end":{"line":19,"column":41}},"13":{"start":{"line":21,"column":19},"end":{"line":21,"column":41}},"14":{"start":{"line":23,"column":2},"end":{"line":28,"column":4}}},"fnMap":{"0":{"name":"(anonymous_0)","decl":{"start":{"line":7,"column":30},"end":{"line":7,"column":31}},"loc":{"start":{"line":7,"column":50},"end":{"line":31,"column":1}},"line":7}},"branchMap":{"0":{"loc":{"start":{"line":9,"column":4},"end":{"line":14,"column":34}},"type":"if","locations":[{"start":{"line":9,"column":4},"end":{"line":14,"column":34}},{"start":{},"end":{}}],"line":9},"1":{"loc":{"start":{"line":10,"column":6},"end":{"line":12,"column":47}},"type":"binary-expr","locations":[{"start":{"line":10,"column":6},"end":{"line":10,"column":46}},{"start":{"line":11,"column":6},"end":{"line":11,"column":46}},{"start":{"line":12,"column":6},"end":{"line":12,"column":47}}],"line":10},"2":{"loc":{"start":{"line":16,"column":4},"end":{"line":16,"column":56}},"type":"if","locations":[{"start":{"line":16,"column":4},"end":{"line":16,"column":56}},{"start":{},"end":{}}],"line":16}},"s":{"0":5,"1":5,"2":5,"3":5,"4":5,"5":5,"6":0,"7":0,"8":0,"9":0,"10":0,"11":0,"12":0,"13":0,"14":0},"f":{"0":0},"b":{"0":[0,0],"1":[0,0,0],"2":[0,0]},"_coverageSchema":"1a1c01bbd47fc00a2c39e90264f33305004495a9","hash":"97883b7cc6c503d9f3197d4ee60eab3de4b8e716"}
,"C:\\Mes dossiers\\DC1 GIT\\Classe\\Projets_Transversaux\\O2A-backend\\Final\\AllergyFrontend\\backend_bonneversion\\controllers\\user.controller.js": {"path":"C:\\Mes dossiers\\DC1 GIT\\Classe\\Projets_Transversaux\\O2A-backend\\Final\\AllergyFrontend\\backend_bonneversion\\controllers\\user.controller.js","statementMap":{"0":{"start":{"line":1,"column":18},"end":{"line":1,"column":49}},"1":{"start":{"line":2,"column":17},"end":{"line":2,"column":51}},"2":{"start":{"line":4,"column":0},"end":{"line":9,"column":2}},"3":{"start":{"line":5,"column":4},"end":{"line":8,"column":27}},"4":{"start":{"line":6,"column":6},"end":{"line":7,"column":61}},"5":{"start":{"line":6,"column":16},"end":{"line":6,"column":50}},"6":{"start":{"line":7,"column":12},"end":{"line":7,"column":61}},"7":{"start":{"line":11,"column":0},"end":{"line":20,"column":2}},"8":{"start":{"line":12,"column":2},"end":{"line":14,"column":3}},"9":{"start":{"line":13,"column":4},"end":{"line":13,"column":65}},"10":{"start":{"line":16,"column":2},"end":{"line":19,"column":25}},"11":{"start":{"line":17,"column":4},"end":{"line":18,"column":60}},"12":{"start":{"line":17,"column":14},"end":{"line":17,"column":41}},"13":{"start":{"line":18,"column":9},"end":{"line":18,"column":60}},"14":{"start":{"line":22,"column":0},"end":{"line":48,"column":4}},"15":{"start":{"line":23,"column":2},"end":{"line":25,"column":3}},"16":{"start":{"line":24,"column":4},"end":{"line":24,"column":65}},"17":{"start":{"line":25,"column":3},"end":{"line":47,"column":5}},"18":{"start":{"line":26,"column":4},"end":{"line":44,"column":9}},"19":{"start":{"line":42,"column":8},"end":{"line":43,"column":61}},"20":{"start":{"line":42,"column":18},"end":{"line":42,"column":52}},"21":{"start":{"line":43,"column":13},"end":{"line":43,"column":61}},"22":{"start":{"line":46,"column":6},"end":{"line":46,"column":52}},"23":{"start":{"line":50,"column":0},"end":{"line":59,"column":2}},"24":{"start":{"line":51,"column":2},"end":{"line":53,"column":3}},"25":{"start":{"line":52,"column":6},"end":{"line":52,"column":65}},"26":{"start":{"line":53,"column":4},"end":{"line":58,"column":3}},"27":{"start":{"line":54,"column":4},"end":{"line":54,"column":45}},"28":{"start":{"line":55,"column":4},"end":{"line":55,"column":66}},"29":{"start":{"line":57,"column":4},"end":{"line":57,"column":48}}},"fnMap":{"0":{"name":"(anonymous_0)","decl":{"start":{"line":4,"column":29},"end":{"line":4,"column":30}},"loc":{"start":{"line":4,"column":55},"end":{"line":9,"column":1}},"line":4},"1":{"name":"(anonymous_1)","decl":{"start":{"line":5,"column":19},"end":{"line":5,"column":20}},"loc":{"start":{"line":5,"column":34},"end":{"line":8,"column":5}},"line":5},"2":{"name":"(anonymous_2)","decl":{"start":{"line":11,"column":27},"end":{"line":11,"column":28}},"loc":{"start":{"line":11,"column":41},"end":{"line":20,"column":1}},"line":11},"3":{"name":"(anonymous_3)","decl":{"start":{"line":16,"column":36},"end":{"line":16,"column":37}},"loc":{"start":{"line":16,"column":51},"end":{"line":19,"column":3}},"line":16},"4":{"name":"(anonymous_4)","decl":{"start":{"line":22,"column":28},"end":{"line":22,"column":29}},"loc":{"start":{"line":22,"column":42},"end":{"line":48,"column":3}},"line":22},"5":{"name":"(anonymous_5)","decl":{"start":{"line":41,"column":6},"end":{"line":41,"column":7}},"loc":{"start":{"line":41,"column":21},"end":{"line":44,"column":7}},"line":41},"6":{"name":"(anonymous_6)","decl":{"start":{"line":50,"column":28},"end":{"line":50,"column":29}},"loc":{"start":{"line":50,"column":46},"end":{"line":59,"column":1}},"line":50}},"branchMap":{"0":{"loc":{"start":{"line":6,"column":6},"end":{"line":7,"column":61}},"type":"if","locations":[{"start":{"line":6,"column":6},"end":{"line":7,"column":61}},{"start":{"line":7,"column":12},"end":{"line":7,"column":61}}],"line":6},"1":{"loc":{"start":{"line":12,"column":2},"end":{"line":14,"column":3}},"type":"if","locations":[{"start":{"line":12,"column":2},"end":{"line":14,"column":3}},{"start":{},"end":{}}],"line":12},"2":{"loc":{"start":{"line":17,"column":4},"end":{"line":18,"column":60}},"type":"if","locations":[{"start":{"line":17,"column":4},"end":{"line":18,"column":60}},{"start":{"line":18,"column":9},"end":{"line":18,"column":60}}],"line":17},"3":{"loc":{"start":{"line":23,"column":2},"end":{"line":25,"column":3}},"type":"if","locations":[{"start":{"line":23,"column":2},"end":{"line":25,"column":3}},{"start":{},"end":{}}],"line":23},"4":{"loc":{"start":{"line":42,"column":8},"end":{"line":43,"column":61}},"type":"if","locations":[{"start":{"line":42,"column":8},"end":{"line":43,"column":61}},{"start":{"line":43,"column":13},"end":{"line":43,"column":61}}],"line":42},"5":{"loc":{"start":{"line":51,"column":2},"end":{"line":53,"column":3}},"type":"if","locations":[{"start":{"line":51,"column":2},"end":{"line":53,"column":3}},{"start":{},"end":{}}],"line":51}},"s":{"0":5,"1":5,"2":5,"3":1,"4":1,"5":1,"6":0,"7":5,"8":1,"9":0,"10":1,"11":1,"12":1,"13":0,"14":5,"15":1,"16":0,"17":1,"18":1,"19":1,"20":1,"21":0,"22":0,"23":5,"24":1,"25":0,"26":1,"27":1,"28":1,"29":0},"f":{"0":1,"1":1,"2":1,"3":1,"4":1,"5":1,"6":1},"b":{"0":[1,0],"1":[0,1],"2":[1,0],"3":[0,1],"4":[1,0],"5":[0,1]},"_coverageSchema":"1a1c01bbd47fc00a2c39e90264f33305004495a9","hash":"f930c952f5f8ce16ce2bcda29b14951ac54e1bf2"}
,"C:\\Mes dossiers\\DC1 GIT\\Classe\\Projets_Transversaux\\O2A-backend\\Final\\AllergyFrontend\\backend_bonneversion\\middleware\\auth.middleware.js": {"path":"C:\\Mes dossiers\\DC1 GIT\\Classe\\Projets_Transversaux\\O2A-backend\\Final\\AllergyFrontend\\backend_bonneversion\\middleware\\auth.middleware.js","statementMap":{"0":{"start":{"line":1,"column":12},"end":{"line":1,"column":35}},"1":{"start":{"line":2,"column":18},"end":{"line":2,"column":49}},"2":{"start":{"line":4,"column":0},"end":{"line":22,"column":1}},"3":{"start":{"line":5,"column":18},"end":{"line":5,"column":33}},"4":{"start":{"line":6,"column":4},"end":{"line":21,"column":5}},"5":{"start":{"line":7,"column":8},"end":{"line":17,"column":11}},"6":{"start":{"line":8,"column":12},"end":{"line":16,"column":13}},"7":{"start":{"line":9,"column":16},"end":{"line":9,"column":39}},"8":{"start":{"line":10,"column":16},"end":{"line":10,"column":53}},"9":{"start":{"line":11,"column":16},"end":{"line":11,"column":23}},"10":{"start":{"line":13,"column":27},"end":{"line":13,"column":68}},"11":{"start":{"line":14,"column":16},"end":{"line":14,"column":39}},"12":{"start":{"line":15,"column":16},"end":{"line":15,"column":23}},"13":{"start":{"line":19,"column":8},"end":{"line":19,"column":31}},"14":{"start":{"line":20,"column":8},"end":{"line":20,"column":15}},"15":{"start":{"line":24,"column":0},"end":{"line":38,"column":2}},"16":{"start":{"line":25,"column":18},"end":{"line":25,"column":33}},"17":{"start":{"line":26,"column":4},"end":{"line":37,"column":5}},"18":{"start":{"line":27,"column":8},"end":{"line":34,"column":11}},"19":{"start":{"line":28,"column":12},"end":{"line":33,"column":13}},"20":{"start":{"line":29,"column":16},"end":{"line":29,"column":33}},"21":{"start":{"line":31,"column":16},"end":{"line":31,"column":45}},"22":{"start":{"line":32,"column":16},"end":{"line":32,"column":26}},"23":{"start":{"line":36,"column":8},"end":{"line":36,"column":38}}},"fnMap":{"0":{"name":"(anonymous_0)","decl":{"start":{"line":4,"column":27},"end":{"line":4,"column":28}},"loc":{"start":{"line":4,"column":47},"end":{"line":22,"column":1}},"line":4},"1":{"name":"(anonymous_1)","decl":{"start":{"line":7,"column":52},"end":{"line":7,"column":53}},"loc":{"start":{"line":7,"column":81},"end":{"line":17,"column":9}},"line":7},"2":{"name":"(anonymous_2)","decl":{"start":{"line":24,"column":30},"end":{"line":24,"column":31}},"loc":{"start":{"line":24,"column":50},"end":{"line":38,"column":1}},"line":24},"3":{"name":"(anonymous_3)","decl":{"start":{"line":27,"column":52},"end":{"line":27,"column":53}},"loc":{"start":{"line":27,"column":81},"end":{"line":34,"column":9}},"line":27}},"branchMap":{"0":{"loc":{"start":{"line":6,"column":4},"end":{"line":21,"column":5}},"type":"if","locations":[{"start":{"line":6,"column":4},"end":{"line":21,"column":5}},{"start":{"line":18,"column":10},"end":{"line":21,"column":5}}],"line":6},"1":{"loc":{"start":{"line":8,"column":12},"end":{"line":16,"column":13}},"type":"if","locations":[{"start":{"line":8,"column":12},"end":{"line":16,"column":13}},{"start":{"line":12,"column":18},"end":{"line":16,"column":13}}],"line":8},"2":{"loc":{"start":{"line":26,"column":4},"end":{"line":37,"column":5}},"type":"if","locations":[{"start":{"line":26,"column":4},"end":{"line":37,"column":5}},{"start":{"line":35,"column":11},"end":{"line":37,"column":5}}],"line":26},"3":{"loc":{"start":{"line":28,"column":12},"end":{"line":33,"column":13}},"type":"if","locations":[{"start":{"line":28,"column":12},"end":{"line":33,"column":13}},{"start":{"line":30,"column":18},"end":{"line":33,"column":13}}],"line":28}},"s":{"0":5,"1":5,"2":5,"3":18,"4":18,"5":0,"6":0,"7":0,"8":0,"9":0,"10":0,"11":0,"12":0,"13":18,"14":18,"15":5,"16":0,"17":0,"18":0,"19":0,"20":0,"21":0,"22":0,"23":0},"f":{"0":18,"1":0,"2":0,"3":0},"b":{"0":[0,18],"1":[0,0],"2":[0,0],"3":[0,0]},"_coverageSchema":"1a1c01bbd47fc00a2c39e90264f33305004495a9","hash":"ab0b4d8ecfc8f689842e72b7c761b3e7ebc11b3b"}
,"C:\\Mes dossiers\\DC1 GIT\\Classe\\Projets_Transversaux\\O2A-backend\\Final\\AllergyFrontend\\backend_bonneversion\\models\\allergie.model.js": {"path":"C:\\Mes dossiers\\DC1 GIT\\Classe\\Projets_Transversaux\\O2A-backend\\Final\\AllergyFrontend\\backend_bonneversion\\models\\allergie.model.js","statementMap":{"0":{"start":{"line":1,"column":17},"end":{"line":1,"column":36}},"1":{"start":{"line":3,"column":27},"end":{"line":35,"column":1}},"2":{"start":{"line":37,"column":0},"end":{"line":37,"column":68}}},"fnMap":{},"branchMap":{},"s":{"0":5,"1":5,"2":5},"f":{},"b":{},"_coverageSchema":"1a1c01bbd47fc00a2c39e90264f33305004495a9","hash":"cb7d58e903b6539d44d8e79b056569f6796e2355"}
,"C:\\Mes dossiers\\DC1 GIT\\Classe\\Projets_Transversaux\\O2A-backend\\Final\\AllergyFrontend\\backend_bonneversion\\models\\comment.model.js": {"path":"C:\\Mes dossiers\\DC1 GIT\\Classe\\Projets_Transversaux\\O2A-backend\\Final\\AllergyFrontend\\backend_bonneversion\\models\\comment.model.js","statementMap":{"0":{"start":{"line":1,"column":17},"end":{"line":1,"column":36}},"1":{"start":{"line":3,"column":22},"end":{"line":33,"column":1}},"2":{"start":{"line":35,"column":0},"end":{"line":35,"column":58}}},"fnMap":{},"branchMap":{},"s":{"0":5,"1":5,"2":5},"f":{},"b":{},"_coverageSchema":"1a1c01bbd47fc00a2c39e90264f33305004495a9","hash":"107da733ee697955f4060c2c2ffffe6eb2546efd"}
,"C:\\Mes dossiers\\DC1 GIT\\Classe\\Projets_Transversaux\\O2A-backend\\Final\\AllergyFrontend\\backend_bonneversion\\models\\fiche.model.js": {"path":"C:\\Mes dossiers\\DC1 GIT\\Classe\\Projets_Transversaux\\O2A-backend\\Final\\AllergyFrontend\\backend_bonneversion\\models\\fiche.model.js","statementMap":{"0":{"start":{"line":1,"column":17},"end":{"line":1,"column":36}},"1":{"start":{"line":3,"column":28},"end":{"line":43,"column":1}},"2":{"start":{"line":45,"column":0},"end":{"line":45,"column":71}}},"fnMap":{},"branchMap":{},"s":{"0":5,"1":5,"2":5},"f":{},"b":{},"_coverageSchema":"1a1c01bbd47fc00a2c39e90264f33305004495a9","hash":"0c9e0f7095b2d840e43f110a8d4fc0ef5f5b24ba"}
,"C:\\Mes dossiers\\DC1 GIT\\Classe\\Projets_Transversaux\\O2A-backend\\Final\\AllergyFrontend\\backend_bonneversion\\models\\post.model.js": {"path":"C:\\Mes dossiers\\DC1 GIT\\Classe\\Projets_Transversaux\\O2A-backend\\Final\\AllergyFrontend\\backend_bonneversion\\models\\post.model.js","statementMap":{"0":{"start":{"line":1,"column":18},"end":{"line":1,"column":37}},"1":{"start":{"line":3,"column":19},"end":{"line":41,"column":1}},"2":{"start":{"line":43,"column":0},"end":{"line":43,"column":52}}},"fnMap":{},"branchMap":{},"s":{"0":5,"1":5,"2":5},"f":{},"b":{},"_coverageSchema":"1a1c01bbd47fc00a2c39e90264f33305004495a9","hash":"e75b10e643f5d0218cffe77a4233aa5fb01063fd"}
,"C:\\Mes dossiers\\DC1 GIT\\Classe\\Projets_Transversaux\\O2A-backend\\Final\\AllergyFrontend\\backend_bonneversion\\models\\specialist.model.js": {"path":"C:\\Mes dossiers\\DC1 GIT\\Classe\\Projets_Transversaux\\O2A-backend\\Final\\AllergyFrontend\\backend_bonneversion\\models\\specialist.model.js","statementMap":{"0":{"start":{"line":1,"column":18},"end":{"line":1,"column":37}},"1":{"start":{"line":3,"column":25},"end":{"line":39,"column":1}},"2":{"start":{"line":41,"column":0},"end":{"line":41,"column":64}}},"fnMap":{},"branchMap":{},"s":{"0":5,"1":5,"2":5},"f":{},"b":{},"_coverageSchema":"1a1c01bbd47fc00a2c39e90264f33305004495a9","hash":"a4732503664c339b4fae578f1acf77441d0b9115"}
,"C:\\Mes dossiers\\DC1 GIT\\Classe\\Projets_Transversaux\\O2A-backend\\Final\\AllergyFrontend\\backend_bonneversion\\models\\user.model.js": {"path":"C:\\Mes dossiers\\DC1 GIT\\Classe\\Projets_Transversaux\\O2A-backend\\Final\\AllergyFrontend\\backend_bonneversion\\models\\user.model.js","statementMap":{"0":{"start":{"line":1,"column":17},"end":{"line":1,"column":36}},"1":{"start":{"line":2,"column":20},"end":{"line":2,"column":40}},"2":{"start":{"line":3,"column":24},"end":{"line":3,"column":60}},"3":{"start":{"line":5,"column":19},"end":{"line":113,"column":1}},"4":{"start":{"line":115,"column":0},"end":{"line":115,"column":35}},"5":{"start":{"line":117,"column":18},"end":{"line":117,"column":52}},"6":{"start":{"line":118,"column":0},"end":{"line":118,"column":27}}},"fnMap":{},"branchMap":{},"s":{"0":5,"1":5,"2":5,"3":5,"4":5,"5":5,"6":5},"f":{},"b":{},"_coverageSchema":"1a1c01bbd47fc00a2c39e90264f33305004495a9","hash":"ef6787f3a67436370a494982c6e8dbfdb7694fee"}
,"C:\\Mes dossiers\\DC1 GIT\\Classe\\Projets_Transversaux\\O2A-backend\\Final\\AllergyFrontend\\backend_bonneversion\\routes\\admin.routes.js": {"path":"C:\\Mes dossiers\\DC1 GIT\\Classe\\Projets_Transversaux\\O2A-backend\\Final\\AllergyFrontend\\backend_bonneversion\\routes\\admin.routes.js","statementMap":{"0":{"start":{"line":1,"column":15},"end":{"line":1,"column":42}},"1":{"start":{"line":2,"column":24},"end":{"line":2,"column":66}},"2":{"start":{"line":5,"column":0},"end":{"line":5,"column":68}},"3":{"start":{"line":6,"column":0},"end":{"line":6,"column":64}},"4":{"start":{"line":7,"column":0},"end":{"line":7,"column":68}},"5":{"start":{"line":8,"column":0},"end":{"line":8,"column":60}},"6":{"start":{"line":9,"column":0},"end":{"line":9,"column":73}},"7":{"start":{"line":10,"column":0},"end":{"line":10,"column":57}},"8":{"start":{"line":11,"column":0},"end":{"line":11,"column":70}},"9":{"start":{"line":12,"column":0},"end":{"line":12,"column":74}},"10":{"start":{"line":17,"column":0},"end":{"line":17,"column":24}}},"fnMap":{},"branchMap":{},"s":{"0":5,"1":5,"2":5,"3":5,"4":5,"5":5,"6":5,"7":5,"8":5,"9":5,"10":5},"f":{},"b":{},"_coverageSchema":"1a1c01bbd47fc00a2c39e90264f33305004495a9","hash":"e4556c6167b05d7539420796be4aa1d44ca44176"}
,"C:\\Mes dossiers\\DC1 GIT\\Classe\\Projets_Transversaux\\O2A-backend\\Final\\AllergyFrontend\\backend_bonneversion\\routes\\comment.routes.js": {"path":"C:\\Mes dossiers\\DC1 GIT\\Classe\\Projets_Transversaux\\O2A-backend\\Final\\AllergyFrontend\\backend_bonneversion\\routes\\comment.routes.js","statementMap":{"0":{"start":{"line":1,"column":15},"end":{"line":1,"column":42}},"1":{"start":{"line":2,"column":26},"end":{"line":2,"column":70}},"2":{"start":{"line":6,"column":0},"end":{"line":6,"column":47}},"3":{"start":{"line":7,"column":0},"end":{"line":7,"column":54}},"4":{"start":{"line":8,"column":0},"end":{"line":8,"column":63}},"5":{"start":{"line":9,"column":0},"end":{"line":9,"column":70}},"6":{"start":{"line":10,"column":0},"end":{"line":10,"column":65}},"7":{"start":{"line":11,"column":0},"end":{"line":11,"column":69}},"8":{"start":{"line":12,"column":0},"end":{"line":12,"column":69}},"9":{"start":{"line":13,"column":0},"end":{"line":13,"column":73}},"10":{"start":{"line":17,"column":0},"end":{"line":17,"column":24}}},"fnMap":{},"branchMap":{},"s":{"0":5,"1":5,"2":5,"3":5,"4":5,"5":5,"6":5,"7":5,"8":5,"9":5,"10":5},"f":{},"b":{},"_coverageSchema":"1a1c01bbd47fc00a2c39e90264f33305004495a9","hash":"47389681227ea5879b7ce1ede5abd34a809c73e8"}
,"C:\\Mes dossiers\\DC1 GIT\\Classe\\Projets_Transversaux\\O2A-backend\\Final\\AllergyFrontend\\backend_bonneversion\\routes\\post.routes.js": {"path":"C:\\Mes dossiers\\DC1 GIT\\Classe\\Projets_Transversaux\\O2A-backend\\Final\\AllergyFrontend\\backend_bonneversion\\routes\\post.routes.js","statementMap":{"0":{"start":{"line":1,"column":15},"end":{"line":1,"column":42}},"1":{"start":{"line":2,"column":23},"end":{"line":2,"column":64}},"2":{"start":{"line":3,"column":15},"end":{"line":3,"column":32}},"3":{"start":{"line":4,"column":15},"end":{"line":4,"column":23}},"4":{"start":{"line":6,"column":0},"end":{"line":6,"column":41}},"5":{"start":{"line":7,"column":0},"end":{"line":7,"column":65}},"6":{"start":{"line":8,"column":0},"end":{"line":8,"column":84}},"7":{"start":{"line":9,"column":0},"end":{"line":9,"column":86}},"8":{"start":{"line":10,"column":0},"end":{"line":10,"column":53}},"9":{"start":{"line":11,"column":0},"end":{"line":11,"column":49}},"10":{"start":{"line":12,"column":0},"end":{"line":12,"column":56}},"11":{"start":{"line":13,"column":0},"end":{"line":13,"column":60}},"12":{"start":{"line":14,"column":0},"end":{"line":14,"column":60}},"13":{"start":{"line":15,"column":0},"end":{"line":15,"column":64}},"14":{"start":{"line":17,"column":0},"end":{"line":17,"column":24}}},"fnMap":{},"branchMap":{},"s":{"0":5,"1":5,"2":5,"3":5,"4":5,"5":5,"6":5,"7":5,"8":5,"9":5,"10":5,"11":5,"12":5,"13":5,"14":5},"f":{},"b":{},"_coverageSchema":"1a1c01bbd47fc00a2c39e90264f33305004495a9","hash":"8125330b92bba50717c7c4995df14703aca71331"}
,"C:\\Mes dossiers\\DC1 GIT\\Classe\\Projets_Transversaux\\O2A-backend\\Final\\AllergyFrontend\\backend_bonneversion\\routes\\specialist.routes.js": {"path":"C:\\Mes dossiers\\DC1 GIT\\Classe\\Projets_Transversaux\\O2A-backend\\Final\\AllergyFrontend\\backend_bonneversion\\routes\\specialist.routes.js","statementMap":{"0":{"start":{"line":1,"column":15},"end":{"line":1,"column":42}},"1":{"start":{"line":2,"column":29},"end":{"line":2,"column":76}},"2":{"start":{"line":5,"column":0},"end":{"line":5,"column":65}},"3":{"start":{"line":6,"column":0},"end":{"line":6,"column":60}},"4":{"start":{"line":7,"column":0},"end":{"line":7,"column":69}},"5":{"start":{"line":8,"column":0},"end":{"line":8,"column":66}},"6":{"start":{"line":9,"column":0},"end":{"line":9,"column":68}},"7":{"start":{"line":10,"column":0},"end":{"line":10,"column":67}},"8":{"start":{"line":11,"column":0},"end":{"line":11,"column":63}},"9":{"start":{"line":12,"column":0},"end":{"line":12,"column":57}},"10":{"start":{"line":13,"column":0},"end":{"line":13,"column":61}},"11":{"start":{"line":15,"column":0},"end":{"line":15,"column":24}}},"fnMap":{},"branchMap":{},"s":{"0":5,"1":5,"2":5,"3":5,"4":5,"5":5,"6":5,"7":5,"8":5,"9":5,"10":5,"11":5},"f":{},"b":{},"_coverageSchema":"1a1c01bbd47fc00a2c39e90264f33305004495a9","hash":"6d3d4b7bf404d36c8b2ec700e5e8294c36d3519e"}
,"C:\\Mes dossiers\\DC1 GIT\\Classe\\Projets_Transversaux\\O2A-backend\\Final\\AllergyFrontend\\backend_bonneversion\\routes\\user.routes.js": {"path":"C:\\Mes dossiers\\DC1 GIT\\Classe\\Projets_Transversaux\\O2A-backend\\Final\\AllergyFrontend\\backend_bonneversion\\routes\\user.routes.js","statementMap":{"0":{"start":{"line":1,"column":15},"end":{"line":1,"column":42}},"1":{"start":{"line":2,"column":23},"end":{"line":2,"column":64}},"2":{"start":{"line":3,"column":23},"end":{"line":3,"column":64}},"3":{"start":{"line":4,"column":25},"end":{"line":4,"column":68}},"4":{"start":{"line":5,"column":15},"end":{"line":5,"column":32}},"5":{"start":{"line":6,"column":15},"end":{"line":6,"column":23}},"6":{"start":{"line":8,"column":0},"end":{"line":8,"column":48}},"7":{"start":{"line":9,"column":0},"end":{"line":9,"column":45}},"8":{"start":{"line":10,"column":0},"end":{"line":10,"column":45}},"9":{"start":{"line":12,"column":0},"end":{"line":12,"column":44}},"10":{"start":{"line":13,"column":0},"end":{"line":13,"column":45}},"11":{"start":{"line":14,"column":0},"end":{"line":14,"column":46}},"12":{"start":{"line":15,"column":0},"end":{"line":15,"column":49}},"13":{"start":{"line":19,"column":0},"end":{"line":19,"column":77}},"14":{"start":{"line":21,"column":0},"end":{"line":21,"column":24}}},"fnMap":{},"branchMap":{},"s":{"0":5,"1":5,"2":5,"3":5,"4":5,"5":5,"6":5,"7":5,"8":5,"9":5,"10":5,"11":5,"12":5,"13":5,"14":5},"f":{},"b":{},"_coverageSchema":"1a1c01bbd47fc00a2c39e90264f33305004495a9","hash":"ed4417eee295366d7a7cdd2af954d01a18f7b866"}
,"C:\\Mes dossiers\\DC1 GIT\\Classe\\Projets_Transversaux\\O2A-backend\\Final\\AllergyFrontend\\backend_bonneversion\\utils\\errors.utils.js": {"path":"C:\\Mes dossiers\\DC1 GIT\\Classe\\Projets_Transversaux\\O2A-backend\\Final\\AllergyFrontend\\backend_bonneversion\\utils\\errors.utils.js","statementMap":{"0":{"start":{"line":1,"column":0},"end":{"line":19,"column":2}},"1":{"start":{"line":2,"column":15},"end":{"line":2,"column":57}},"2":{"start":{"line":4,"column":2},"end":{"line":5,"column":58}},"3":{"start":{"line":5,"column":4},"end":{"line":5,"column":58}},"4":{"start":{"line":7,"column":2},"end":{"line":7,"column":70}},"5":{"start":{"line":7,"column":37},"end":{"line":7,"column":70}},"6":{"start":{"line":9,"column":2},"end":{"line":10,"column":72}},"7":{"start":{"line":10,"column":4},"end":{"line":10,"column":72}},"8":{"start":{"line":12,"column":2},"end":{"line":13,"column":52}},"9":{"start":{"line":13,"column":4},"end":{"line":13,"column":52}},"10":{"start":{"line":15,"column":2},"end":{"line":16,"column":51}},"11":{"start":{"line":16,"column":4},"end":{"line":16,"column":51}},"12":{"start":{"line":18,"column":2},"end":{"line":18,"column":16}},"13":{"start":{"line":21,"column":0},"end":{"line":31,"column":1}},"14":{"start":{"line":22,"column":15},"end":{"line":22,"column":41}},"15":{"start":{"line":24,"column":2},"end":{"line":25,"column":35}},"16":{"start":{"line":25,"column":4},"end":{"line":25,"column":35}},"17":{"start":{"line":27,"column":2},"end":{"line":28,"column":57}},"18":{"start":{"line":28,"column":4},"end":{"line":28,"column":57}},"19":{"start":{"line":30,"column":2},"end":{"line":30,"column":16}},"20":{"start":{"line":33,"column":0},"end":{"line":43,"column":1}},"21":{"start":{"line":34,"column":15},"end":{"line":34,"column":41}},"22":{"start":{"line":36,"column":2},"end":{"line":37,"column":43}},"23":{"start":{"line":37,"column":4},"end":{"line":37,"column":43}},"24":{"start":{"line":39,"column":2},"end":{"line":40,"column":48}},"25":{"start":{"line":40,"column":4},"end":{"line":40,"column":48}},"26":{"start":{"line":42,"column":2},"end":{"line":42,"column":15}}},"fnMap":{"0":{"name":"(anonymous_0)","decl":{"start":{"line":1,"column":30},"end":{"line":1,"column":31}},"loc":{"start":{"line":1,"column":39},"end":{"line":19,"column":1}},"line":1},"1":{"name":"(anonymous_1)","decl":{"start":{"line":21,"column":30},"end":{"line":21,"column":31}},"loc":{"start":{"line":21,"column":39},"end":{"line":31,"column":1}},"line":21},"2":{"name":"(anonymous_2)","decl":{"start":{"line":33,"column":30},"end":{"line":33,"column":31}},"loc":{"start":{"line":33,"column":39},"end":{"line":43,"column":1}},"line":33}},"branchMap":{"0":{"loc":{"start":{"line":4,"column":2},"end":{"line":5,"column":58}},"type":"if","locations":[{"start":{"line":4,"column":2},"end":{"line":5,"column":58}},{"start":{},"end":{}}],"line":4},"1":{"loc":{"start":{"line":7,"column":2},"end":{"line":7,"column":70}},"type":"if","locations":[{"start":{"line":7,"column":2},"end":{"line":7,"column":70}},{"start":{},"end":{}}],"line":7},"2":{"loc":{"start":{"line":9,"column":2},"end":{"line":10,"column":72}},"type":"if","locations":[{"start":{"line":9,"column":2},"end":{"line":10,"column":72}},{"start":{},"end":{}}],"line":9},"3":{"loc":{"start":{"line":12,"column":2},"end":{"line":13,"column":52}},"type":"if","locations":[{"start":{"line":12,"column":2},"end":{"line":13,"column":52}},{"start":{},"end":{}}],"line":12},"4":{"loc":{"start":{"line":12,"column":6},"end":{"line":12,"column":78}},"type":"binary-expr","locations":[{"start":{"line":12,"column":6},"end":{"line":12,"column":24}},{"start":{"line":12,"column":28},"end":{"line":12,"column":78}}],"line":12},"5":{"loc":{"start":{"line":15,"column":2},"end":{"line":16,"column":51}},"type":"if","locations":[{"start":{"line":15,"column":2},"end":{"line":16,"column":51}},{"start":{},"end":{}}],"line":15},"6":{"loc":{"start":{"line":15,"column":6},"end":{"line":15,"column":74}},"type":"binary-expr","locations":[{"start":{"line":15,"column":6},"end":{"line":15,"column":24}},{"start":{"line":15,"column":28},"end":{"line":15,"column":74}}],"line":15},"7":{"loc":{"start":{"line":24,"column":2},"end":{"line":25,"column":35}},"type":"if","locations":[{"start":{"line":24,"column":2},"end":{"line":25,"column":35}},{"start":{},"end":{}}],"line":24},"8":{"loc":{"start":{"line":27,"column":2},"end":{"line":28,"column":57}},"type":"if","locations":[{"start":{"line":27,"column":2},"end":{"line":28,"column":57}},{"start":{},"end":{}}],"line":27},"9":{"loc":{"start":{"line":36,"column":2},"end":{"line":37,"column":43}},"type":"if","locations":[{"start":{"line":36,"column":2},"end":{"line":37,"column":43}},{"start":{},"end":{}}],"line":36},"10":{"loc":{"start":{"line":39,"column":2},"end":{"line":40,"column":48}},"type":"if","locations":[{"start":{"line":39,"column":2},"end":{"line":40,"column":48}},{"start":{},"end":{}}],"line":39}},"s":{"0":5,"1":0,"2":0,"3":0,"4":0,"5":0,"6":0,"7":0,"8":0,"9":0,"10":0,"11":0,"12":0,"13":5,"14":1,"15":1,"16":0,"17":1,"18":0,"19":1,"20":5,"21":0,"22":0,"23":0,"24":0,"25":0,"26":0},"f":{"0":0,"1":1,"2":0},"b":{"0":[0,0],"1":[0,0],"2":[0,0],"3":[0,0],"4":[0,0],"5":[0,0],"6":[0,0],"7":[0,1],"8":[0,1],"9":[0,0],"10":[0,0]},"_coverageSchema":"1a1c01bbd47fc00a2c39e90264f33305004495a9","hash":"9e669b19c8b636f73ffd862ab0b01b17cd2122e3"}
}
