TN:
SF:app.js
FN:35,(anonymous_0)
FN:47,(anonymous_1)
FNF:2
FNH:1
FNDA:0,(anonymous_0)
FNDA:2,(anonymous_1)
DA:1,5
DA:2,5
DA:3,5
DA:4,5
DA:5,5
DA:6,5
DA:7,5
DA:8,5
DA:9,5
DA:10,5
DA:11,5
DA:12,5
DA:14,5
DA:15,5
DA:16,5
DA:17,5
DA:18,5
DA:20,5
DA:28,5
DA:30,5
DA:34,5
DA:35,5
DA:36,0
DA:40,5
DA:41,5
DA:42,5
DA:43,5
DA:44,5
DA:47,5
DA:48,2
DA:52,5
LF:31
LH:30
BRDA:47,0,0,5
BRDA:47,0,1,0
BRF:2
BRH:1
end_of_record
TN:
SF:config\database.js
FN:3,(anonymous_0)
FN:15,(anonymous_1)
FN:19,(anonymous_2)
FN:27,(anonymous_3)
FNF:4
FNH:4
FNDA:10,(anonymous_0)
FNDA:42,(anonymous_1)
FNDA:252,(anonymous_2)
FNDA:5,(anonymous_3)
DA:1,5
DA:3,5
DA:4,10
DA:5,0
DA:15,5
DA:16,42
DA:17,42
DA:19,42
DA:20,252
DA:23,42
DA:27,5
DA:28,5
DA:29,5
DA:33,5
LF:14
LH:13
BRDA:4,0,0,0
BRDA:4,0,1,10
BRDA:6,1,0,0
BRDA:6,1,1,0
BRDA:16,2,0,42
BRDA:16,2,1,0
BRDA:28,3,0,5
BRDA:28,3,1,0
BRF:8
BRH:3
end_of_record
TN:
SF:config\db.js
FN:15,(anonymous_0)
FN:16,(anonymous_1)
FNF:2
FNH:1
FNDA:5,(anonymous_0)
FNDA:0,(anonymous_1)
DA:1,5
DA:4,5
DA:15,5
DA:16,0
LF:4
LH:3
BRF:0
BRH:0
end_of_record
TN:
SF:controllers\admin.controller.js
FN:8,(anonymous_0)
FN:29,(anonymous_1)
FN:34,(anonymous_2)
FN:35,(anonymous_3)
FN:43,(anonymous_4)
FN:44,(anonymous_5)
FN:51,(anonymous_6)
FN:52,(anonymous_7)
FN:58,(anonymous_8)
FN:59,(anonymous_9)
FN:65,(anonymous_10)
FN:66,(anonymous_11)
FN:73,(anonymous_12)
FN:74,(anonymous_13)
FN:80,(anonymous_14)
FN:81,(anonymous_15)
FN:87,(anonymous_16)
FN:88,(anonymous_17)
FNF:18
FNH:14
FNDA:0,(anonymous_0)
FNDA:0,(anonymous_1)
FNDA:0,(anonymous_2)
FNDA:0,(anonymous_3)
FNDA:1,(anonymous_4)
FNDA:1,(anonymous_5)
FNDA:1,(anonymous_6)
FNDA:1,(anonymous_7)
FNDA:1,(anonymous_8)
FNDA:1,(anonymous_9)
FNDA:1,(anonymous_10)
FNDA:1,(anonymous_11)
FNDA:1,(anonymous_12)
FNDA:1,(anonymous_13)
FNDA:1,(anonymous_14)
FNDA:1,(anonymous_15)
FNDA:1,(anonymous_16)
FNDA:1,(anonymous_17)
DA:1,5
DA:2,5
DA:3,5
DA:4,5
DA:5,5
DA:8,5
DA:9,0
DA:10,0
DA:11,0
DA:12,0
DA:13,0
DA:14,0
DA:21,0
DA:30,0
DA:33,0
DA:34,0
DA:35,0
DA:39,0
DA:43,5
DA:44,1
DA:45,1
DA:46,0
DA:51,5
DA:52,1
DA:53,1
DA:54,0
DA:58,5
DA:59,1
DA:60,1
DA:61,0
DA:65,5
DA:66,1
DA:67,1
DA:68,0
DA:70,1
DA:73,5
DA:74,1
DA:75,1
DA:76,0
DA:80,5
DA:81,1
DA:82,1
DA:83,0
DA:87,5
DA:88,1
DA:89,1
DA:90,0
LF:47
LH:28
BRDA:11,0,0,0
BRDA:11,0,1,0
BRDA:30,1,0,0
BRDA:30,1,1,0
BRDA:45,2,0,1
BRDA:45,2,1,0
BRDA:53,3,0,1
BRDA:53,3,1,0
BRDA:60,4,0,1
BRDA:60,4,1,0
BRDA:67,5,0,1
BRDA:67,5,1,0
BRDA:75,6,0,1
BRDA:75,6,1,0
BRDA:82,7,0,1
BRDA:82,7,1,0
BRDA:89,8,0,1
BRDA:89,8,1,0
BRF:18
BRH:7
end_of_record
TN:
SF:controllers\auth.controller.js
FN:8,(anonymous_0)
FN:14,(anonymous_1)
FN:18,(anonymous_2)
FN:28,(anonymous_3)
FN:29,(anonymous_4)
FN:31,(anonymous_5)
FN:39,(anonymous_6)
FN:61,(anonymous_7)
FNF:8
FNH:4
FNDA:0,(anonymous_0)
FNDA:1,(anonymous_1)
FNDA:1,(anonymous_2)
FNDA:1,(anonymous_3)
FNDA:0,(anonymous_4)
FNDA:0,(anonymous_5)
FNDA:1,(anonymous_6)
FNDA:0,(anonymous_7)
DA:1,5
DA:2,5
DA:3,5
DA:4,5
DA:7,5
DA:8,5
DA:9,0
DA:14,5
DA:15,1
DA:16,1
DA:19,1
DA:27,1
DA:28,1
DA:29,0
DA:32,0
DA:33,0
DA:36,0
DA:39,5
DA:40,1
DA:42,1
DA:43,1
DA:44,1
DA:45,1
DA:46,0
DA:47,0
DA:48,0
DA:49,0
DA:51,0
DA:54,0
DA:56,1
DA:57,1
DA:61,5
DA:62,0
DA:63,0
LF:34
LH:21
BRDA:44,0,0,1
BRDA:44,0,1,0
BRDA:46,1,0,0
BRDA:46,1,1,0
BRF:4
BRH:1
end_of_record
TN:
SF:controllers\comment.controller.js
FN:7,(anonymous_0)
FN:27,(anonymous_1)
FN:39,(anonymous_2)
FN:47,(anonymous_3)
FN:52,(anonymous_4)
FN:59,(anonymous_5)
FN:63,(anonymous_6)
FN:70,(anonymous_7)
FN:82,(anonymous_8)
FN:93,(anonymous_9)
FN:103,(anonymous_10)
FN:115,(anonymous_11)
FN:125,(anonymous_12)
FN:135,(anonymous_13)
FN:147,(anonymous_14)
FN:157,(anonymous_15)
FN:167,(anonymous_16)
FN:179,(anonymous_17)
FN:190,(anonymous_18)
FNF:19
FNH:8
FNDA:0,(anonymous_0)
FNDA:0,(anonymous_1)
FNDA:0,(anonymous_2)
FNDA:1,(anonymous_3)
FNDA:1,(anonymous_4)
FNDA:0,(anonymous_5)
FNDA:0,(anonymous_6)
FNDA:1,(anonymous_7)
FNDA:1,(anonymous_8)
FNDA:1,(anonymous_9)
FNDA:1,(anonymous_10)
FNDA:1,(anonymous_11)
FNDA:1,(anonymous_12)
FNDA:0,(anonymous_13)
FNDA:0,(anonymous_14)
FNDA:0,(anonymous_15)
FNDA:0,(anonymous_16)
FNDA:0,(anonymous_17)
FNDA:0,(anonymous_18)
DA:1,5
DA:2,5
DA:3,5
DA:7,5
DA:8,0
DA:9,0
DA:12,0
DA:19,0
DA:20,0
DA:21,0
DA:23,0
DA:27,5
DA:28,0
DA:29,0
DA:31,0
DA:40,0
DA:41,0
DA:47,5
DA:48,1
DA:49,0
DA:52,1
DA:53,1
DA:54,0
DA:59,5
DA:60,0
DA:61,0
DA:63,0
DA:64,0
DA:65,0
DA:70,5
DA:71,1
DA:72,0
DA:75,1
DA:76,1
DA:83,1
DA:87,1
DA:94,1
DA:95,0
DA:99,0
DA:103,5
DA:104,1
DA:105,0
DA:108,1
DA:109,1
DA:116,1
DA:119,1
DA:126,1
DA:127,1
DA:131,0
DA:135,5
DA:136,0
DA:137,0
DA:140,0
DA:141,0
DA:148,0
DA:151,0
DA:158,0
DA:159,0
DA:163,0
DA:167,5
DA:168,0
DA:169,0
DA:172,0
DA:173,0
DA:180,0
DA:184,0
DA:191,0
DA:192,0
DA:196,0
LF:69
LH:27
BRDA:8,0,0,0
BRDA:8,0,1,0
BRDA:28,1,0,0
BRDA:28,1,1,0
BRDA:40,2,0,0
BRDA:40,2,1,0
BRDA:48,3,0,0
BRDA:48,3,1,1
BRDA:53,4,0,1
BRDA:53,4,1,0
BRDA:60,5,0,0
BRDA:60,5,1,0
BRDA:64,6,0,0
BRDA:64,6,1,0
BRDA:71,7,0,0
BRDA:71,7,1,1
BRDA:83,8,0,0
BRDA:83,8,1,1
BRDA:94,9,0,1
BRDA:94,9,1,0
BRDA:104,10,0,0
BRDA:104,10,1,1
BRDA:116,11,0,0
BRDA:116,11,1,1
BRDA:126,12,0,0
BRDA:126,12,1,1
BRDA:136,13,0,0
BRDA:136,13,1,0
BRDA:148,14,0,0
BRDA:148,14,1,0
BRDA:158,15,0,0
BRDA:158,15,1,0
BRDA:168,16,0,0
BRDA:168,16,1,0
BRDA:180,17,0,0
BRDA:180,17,1,0
BRDA:191,18,0,0
BRDA:191,18,1,0
BRF:38
BRH:8
end_of_record
TN:
SF:controllers\post.controller.js
FN:10,(anonymous_0)
FN:11,(anonymous_1)
FN:17,(anonymous_2)
FN:21,(anonymous_3)
FN:27,(anonymous_4)
FN:72,(anonymous_5)
FN:122,(anonymous_6)
FN:135,(anonymous_7)
FN:142,(anonymous_8)
FN:146,(anonymous_9)
FN:152,(anonymous_10)
FN:163,(anonymous_11)
FN:173,(anonymous_12)
FN:183,(anonymous_13)
FN:194,(anonymous_14)
FN:204,(anonymous_15)
FN:214,(anonymous_16)
FN:225,(anonymous_17)
FN:235,(anonymous_18)
FN:245,(anonymous_19)
FN:256,(anonymous_20)
FN:266,(anonymous_21)
FNF:22
FNH:14
FNDA:1,(anonymous_0)
FNDA:1,(anonymous_1)
FNDA:1,(anonymous_2)
FNDA:1,(anonymous_3)
FNDA:0,(anonymous_4)
FNDA:0,(anonymous_5)
FNDA:1,(anonymous_6)
FNDA:1,(anonymous_7)
FNDA:1,(anonymous_8)
FNDA:1,(anonymous_9)
FNDA:1,(anonymous_10)
FNDA:1,(anonymous_11)
FNDA:1,(anonymous_12)
FNDA:0,(anonymous_13)
FNDA:0,(anonymous_14)
FNDA:0,(anonymous_15)
FNDA:0,(anonymous_16)
FNDA:0,(anonymous_17)
FNDA:0,(anonymous_18)
FNDA:1,(anonymous_19)
FNDA:1,(anonymous_20)
FNDA:1,(anonymous_21)
DA:1,5
DA:2,5
DA:3,5
DA:4,5
DA:5,5
DA:6,5
DA:7,5
DA:8,5
DA:10,5
DA:11,1
DA:12,1
DA:13,0
DA:17,5
DA:18,1
DA:19,0
DA:21,1
DA:22,1
DA:23,0
DA:27,5
DA:54,0
DA:64,0
DA:65,0
DA:66,0
DA:68,0
DA:72,5
DA:99,0
DA:109,0
DA:110,0
DA:111,0
DA:115,0
DA:116,0
DA:118,0
DA:122,5
DA:123,1
DA:124,0
DA:125,1
DA:136,1
DA:137,0
DA:142,5
DA:143,1
DA:144,0
DA:146,1
DA:147,1
DA:148,0
DA:152,5
DA:153,1
DA:154,0
DA:156,1
DA:157,1
DA:164,1
DA:167,1
DA:174,1
DA:175,0
DA:179,0
DA:183,5
DA:184,0
DA:185,0
DA:187,0
DA:188,0
DA:195,0
DA:198,0
DA:205,0
DA:206,0
DA:210,0
DA:214,5
DA:215,0
DA:216,0
DA:218,0
DA:219,0
DA:226,0
DA:229,0
DA:236,0
DA:237,0
DA:241,0
DA:245,5
DA:246,1
DA:247,0
DA:249,1
DA:250,1
DA:257,1
DA:260,1
DA:267,1
DA:268,0
DA:272,0
LF:84
LH:41
BRDA:12,0,0,1
BRDA:12,0,1,0
BRDA:18,1,0,0
BRDA:18,1,1,1
BRDA:22,2,0,1
BRDA:22,2,1,0
BRDA:123,3,0,0
BRDA:123,3,1,1
BRDA:136,4,0,1
BRDA:136,4,1,0
BRDA:143,5,0,0
BRDA:143,5,1,1
BRDA:147,6,0,1
BRDA:147,6,1,0
BRDA:153,7,0,0
BRDA:153,7,1,1
BRDA:164,8,0,0
BRDA:164,8,1,1
BRDA:174,9,0,1
BRDA:174,9,1,0
BRDA:184,10,0,0
BRDA:184,10,1,0
BRDA:195,11,0,0
BRDA:195,11,1,0
BRDA:205,12,0,0
BRDA:205,12,1,0
BRDA:215,13,0,0
BRDA:215,13,1,0
BRDA:226,14,0,0
BRDA:226,14,1,0
BRDA:236,15,0,0
BRDA:236,15,1,0
BRDA:246,16,0,0
BRDA:246,16,1,1
BRDA:257,17,0,0
BRDA:257,17,1,1
BRDA:267,18,0,1
BRDA:267,18,1,0
BRF:38
BRH:13
end_of_record
TN:
SF:controllers\specialist.controller.js
FN:8,(anonymous_0)
FN:9,(anonymous_1)
FN:15,(anonymous_2)
FN:19,(anonymous_3)
FN:28,(anonymous_4)
FN:32,(anonymous_5)
FN:38,(anonymous_6)
FN:40,(anonymous_7)
FN:49,(anonymous_8)
FN:61,(anonymous_9)
FN:62,(anonymous_10)
FN:70,(anonymous_11)
FN:88,(anonymous_12)
FN:95,(anonymous_13)
FN:100,(anonymous_14)
FN:107,(anonymous_15)
FN:116,(anonymous_16)
FN:129,(anonymous_17)
FN:143,(anonymous_18)
FN:153,(anonymous_19)
FN:162,(anonymous_20)
FN:171,(anonymous_21)
FN:187,(anonymous_22)
FNF:23
FNH:4
FNDA:0,(anonymous_0)
FNDA:0,(anonymous_1)
FNDA:0,(anonymous_2)
FNDA:0,(anonymous_3)
FNDA:1,(anonymous_4)
FNDA:1,(anonymous_5)
FNDA:1,(anonymous_6)
FNDA:1,(anonymous_7)
FNDA:0,(anonymous_8)
FNDA:0,(anonymous_9)
FNDA:0,(anonymous_10)
FNDA:0,(anonymous_11)
FNDA:0,(anonymous_12)
FNDA:0,(anonymous_13)
FNDA:0,(anonymous_14)
FNDA:0,(anonymous_15)
FNDA:0,(anonymous_16)
FNDA:0,(anonymous_17)
FNDA:0,(anonymous_18)
FNDA:0,(anonymous_19)
FNDA:0,(anonymous_20)
FNDA:0,(anonymous_21)
FNDA:0,(anonymous_22)
DA:1,5
DA:2,5
DA:3,5
DA:4,5
DA:5,5
DA:8,5
DA:9,0
DA:10,0
DA:11,0
DA:15,5
DA:16,0
DA:17,0
DA:18,0
DA:19,0
DA:20,0
DA:21,0
DA:24,0
DA:28,5
DA:29,1
DA:30,0
DA:32,1
DA:33,1
DA:34,0
DA:38,5
DA:39,1
DA:40,1
DA:41,1
DA:42,0
DA:45,0
DA:49,5
DA:50,0
DA:51,0
DA:52,0
DA:60,0
DA:61,0
DA:62,0
DA:65,0
DA:70,5
DA:71,0
DA:72,0
DA:74,0
DA:89,0
DA:90,0
DA:95,5
DA:96,0
DA:97,0
DA:100,0
DA:101,0
DA:102,0
DA:107,5
DA:108,0
DA:109,0
DA:110,0
DA:112,0
DA:117,0
DA:121,0
DA:130,0
DA:133,0
DA:144,0
DA:145,0
DA:149,0
DA:153,5
DA:154,0
DA:155,0
DA:156,0
DA:158,0
DA:163,0
DA:167,0
DA:172,0
DA:177,0
DA:188,0
DA:189,0
DA:194,0
LF:73
LH:20
BRDA:10,0,0,0
BRDA:10,0,1,0
BRDA:16,1,0,0
BRDA:16,1,1,0
BRDA:20,2,0,0
BRDA:20,2,1,0
BRDA:29,3,0,0
BRDA:29,3,1,1
BRDA:33,4,0,1
BRDA:33,4,1,0
BRDA:41,5,0,1
BRDA:41,5,1,0
BRDA:71,6,0,0
BRDA:71,6,1,0
BRDA:89,7,0,0
BRDA:89,7,1,0
BRDA:96,8,0,0
BRDA:96,8,1,0
BRDA:101,9,0,0
BRDA:101,9,1,0
BRDA:108,10,0,0
BRDA:108,10,1,0
BRDA:108,11,0,0
BRDA:108,11,1,0
BRDA:117,12,0,0
BRDA:117,12,1,0
BRDA:130,13,0,0
BRDA:130,13,1,0
BRDA:144,14,0,0
BRDA:144,14,1,0
BRDA:154,15,0,0
BRDA:154,15,1,0
BRDA:154,16,0,0
BRDA:154,16,1,0
BRDA:163,17,0,0
BRDA:163,17,1,0
BRDA:172,18,0,0
BRDA:172,18,1,0
BRDA:188,19,0,0
BRDA:188,19,1,0
BRF:40
BRH:3
end_of_record
TN:
SF:controllers\upload.controller.js
FN:7,(anonymous_0)
FNF:1
FNH:0
FNDA:0,(anonymous_0)
DA:1,5
DA:2,5
DA:3,5
DA:4,5
DA:5,5
DA:7,5
DA:8,0
DA:9,0
DA:14,0
DA:16,0
DA:18,0
DA:19,0
DA:21,0
DA:23,0
LF:14
LH:6
BRDA:9,0,0,0
BRDA:9,0,1,0
BRDA:10,1,0,0
BRDA:10,1,1,0
BRDA:10,1,2,0
BRDA:16,2,0,0
BRDA:16,2,1,0
BRF:7
BRH:0
end_of_record
TN:
SF:controllers\user.controller.js
FN:4,(anonymous_0)
FN:5,(anonymous_1)
FN:11,(anonymous_2)
FN:16,(anonymous_3)
FN:22,(anonymous_4)
FN:41,(anonymous_5)
FN:50,(anonymous_6)
FNF:7
FNH:7
FNDA:1,(anonymous_0)
FNDA:1,(anonymous_1)
FNDA:1,(anonymous_2)
FNDA:1,(anonymous_3)
FNDA:1,(anonymous_4)
FNDA:1,(anonymous_5)
FNDA:1,(anonymous_6)
DA:1,5
DA:2,5
DA:4,5
DA:5,1
DA:6,1
DA:7,0
DA:11,5
DA:12,1
DA:13,0
DA:16,1
DA:17,1
DA:18,0
DA:22,5
DA:23,1
DA:24,0
DA:25,1
DA:26,1
DA:42,1
DA:43,0
DA:46,0
DA:50,5
DA:51,1
DA:52,0
DA:53,1
DA:54,1
DA:55,1
DA:57,0
LF:27
LH:19
BRDA:6,0,0,1
BRDA:6,0,1,0
BRDA:12,1,0,0
BRDA:12,1,1,1
BRDA:17,2,0,1
BRDA:17,2,1,0
BRDA:23,3,0,0
BRDA:23,3,1,1
BRDA:42,4,0,1
BRDA:42,4,1,0
BRDA:51,5,0,0
BRDA:51,5,1,1
BRF:12
BRH:6
end_of_record
TN:
SF:middleware\auth.middleware.js
FN:4,(anonymous_0)
FN:7,(anonymous_1)
FN:24,(anonymous_2)
FN:27,(anonymous_3)
FNF:4
FNH:1
FNDA:18,(anonymous_0)
FNDA:0,(anonymous_1)
FNDA:0,(anonymous_2)
FNDA:0,(anonymous_3)
DA:1,5
DA:2,5
DA:4,5
DA:5,18
DA:6,18
DA:7,0
DA:8,0
DA:9,0
DA:10,0
DA:11,0
DA:13,0
DA:14,0
DA:15,0
DA:19,18
DA:20,18
DA:24,5
DA:25,0
DA:26,0
DA:27,0
DA:28,0
DA:29,0
DA:31,0
DA:32,0
DA:36,0
LF:24
LH:8
BRDA:6,0,0,0
BRDA:6,0,1,18
BRDA:8,1,0,0
BRDA:8,1,1,0
BRDA:26,2,0,0
BRDA:26,2,1,0
BRDA:28,3,0,0
BRDA:28,3,1,0
BRF:8
BRH:1
end_of_record
TN:
SF:models\allergie.model.js
FNF:0
FNH:0
DA:1,5
DA:3,5
DA:37,5
LF:3
LH:3
BRF:0
BRH:0
end_of_record
TN:
SF:models\comment.model.js
FNF:0
FNH:0
DA:1,5
DA:3,5
DA:35,5
LF:3
LH:3
BRF:0
BRH:0
end_of_record
TN:
SF:models\fiche.model.js
FNF:0
FNH:0
DA:1,5
DA:3,5
DA:45,5
LF:3
LH:3
BRF:0
BRH:0
end_of_record
TN:
SF:models\post.model.js
FNF:0
FNH:0
DA:1,5
DA:3,5
DA:43,5
LF:3
LH:3
BRF:0
BRH:0
end_of_record
TN:
SF:models\specialist.model.js
FNF:0
FNH:0
DA:1,5
DA:3,5
DA:41,5
LF:3
LH:3
BRF:0
BRH:0
end_of_record
TN:
SF:models\user.model.js
FNF:0
FNH:0
DA:1,5
DA:2,5
DA:3,5
DA:5,5
DA:115,5
DA:117,5
DA:118,5
LF:7
LH:7
BRF:0
BRH:0
end_of_record
TN:
SF:routes\admin.routes.js
FNF:0
FNH:0
DA:1,5
DA:2,5
DA:5,5
DA:6,5
DA:7,5
DA:8,5
DA:9,5
DA:10,5
DA:11,5
DA:12,5
DA:17,5
LF:11
LH:11
BRF:0
BRH:0
end_of_record
TN:
SF:routes\comment.routes.js
FNF:0
FNH:0
DA:1,5
DA:2,5
DA:6,5
DA:7,5
DA:8,5
DA:9,5
DA:10,5
DA:11,5
DA:12,5
DA:13,5
DA:17,5
LF:11
LH:11
BRF:0
BRH:0
end_of_record
TN:
SF:routes\post.routes.js
FNF:0
FNH:0
DA:1,5
DA:2,5
DA:3,5
DA:4,5
DA:6,5
DA:7,5
DA:8,5
DA:9,5
DA:10,5
DA:11,5
DA:12,5
DA:13,5
DA:14,5
DA:15,5
DA:17,5
LF:15
LH:15
BRF:0
BRH:0
end_of_record
TN:
SF:routes\specialist.routes.js
FNF:0
FNH:0
DA:1,5
DA:2,5
DA:5,5
DA:6,5
DA:7,5
DA:8,5
DA:9,5
DA:10,5
DA:11,5
DA:12,5
DA:13,5
DA:15,5
LF:12
LH:12
BRF:0
BRH:0
end_of_record
TN:
SF:routes\user.routes.js
FNF:0
FNH:0
DA:1,5
DA:2,5
DA:3,5
DA:4,5
DA:5,5
DA:6,5
DA:8,5
DA:9,5
DA:10,5
DA:12,5
DA:13,5
DA:14,5
DA:15,5
DA:19,5
DA:21,5
LF:15
LH:15
BRF:0
BRH:0
end_of_record
TN:
SF:utils\errors.utils.js
FN:1,(anonymous_0)
FN:21,(anonymous_1)
FN:33,(anonymous_2)
FNF:3
FNH:1
FNDA:0,(anonymous_0)
FNDA:1,(anonymous_1)
FNDA:0,(anonymous_2)
DA:1,5
DA:2,0
DA:4,0
DA:5,0
DA:7,0
DA:9,0
DA:10,0
DA:12,0
DA:13,0
DA:15,0
DA:16,0
DA:18,0
DA:21,5
DA:22,1
DA:24,1
DA:25,0
DA:27,1
DA:28,0
DA:30,1
DA:33,5
DA:34,0
DA:36,0
DA:37,0
DA:39,0
DA:40,0
DA:42,0
LF:26
LH:7
BRDA:4,0,0,0
BRDA:4,0,1,0
BRDA:7,1,0,0
BRDA:7,1,1,0
BRDA:9,2,0,0
BRDA:9,2,1,0
BRDA:12,3,0,0
BRDA:12,3,1,0
BRDA:12,4,0,0
BRDA:12,4,1,0
BRDA:15,5,0,0
BRDA:15,5,1,0
BRDA:15,6,0,0
BRDA:15,6,1,0
BRDA:24,7,0,0
BRDA:24,7,1,1
BRDA:27,8,0,0
BRDA:27,8,1,1
BRDA:36,9,0,0
BRDA:36,9,1,0
BRDA:39,10,0,0
BRDA:39,10,1,0
BRF:22
BRH:2
end_of_record
